1	org.assertj.core.internal.inputstreams.BinaryDiff_diff_InputStream_Test____should_return_diff_if_inputstreams_differ_on_one_byte
2	org.assertj.core.internal.inputstreams.BinaryDiff_diff_InputStream_Test____should_return_no_diff_if_inputstreams_have_equal_content
3	org.assertj.core.internal.inputstreams.BinaryDiff_diff_InputStream_Test____should_return_diff_if_actual_is_shorter
4	org.assertj.core.internal.inputstreams.BinaryDiff_diff_InputStream_Test____should_return_diff_if_expected_is_shorter
5	org.assertj.core.util.Files_newFolder_Test____should_create_new_folder
6	org.assertj.core.internal.StandardComparisonStrategy_arrayContains_Test____should_return_false_if_array_does_not_contain_value
7	org.assertj.core.internal.StandardComparisonStrategy_arrayContains_Test____should_return_false_if_array_is_empty
8	org.assertj.core.internal.StandardComparisonStrategy_arrayContains_Test____should_fail_if_first_parameter_is_not_an_array
9	org.assertj.core.internal.StandardComparisonStrategy_arrayContains_Test____should_return_true_if_array_contains_value
10	org.assertj.core.api.filter.Filter_with_common_Test____filter_does_not_modify_given_iterable
11	org.assertj.core.api.filter.Filter_with_common_Test____should_fail_if_property_or_field_to_filter_on_is_null
12	org.assertj.core.api.filter.Filter_with_common_Test____should_fail_if_property_or_field_to_filter_on_is_empty
13	org.assertj.core.internal.ComparatorBasedComparisonStrategy_stringEndsWith_Test____should_pass
14	org.assertj.core.api.filter.Filter_with_property_equals_to_given_value_short_version_Test____should_filter_iterable_elements_with_property_equals_to_given_value
15	org.assertj.core.api.filter.Filter_with_property_equals_to_given_value_short_version_Test____should_fail_if_elements_to_filter_do_not_have_property_used_by_filter
16	org.assertj.core.api.filter.Filter_with_property_equals_to_given_value_short_version_Test____should_filter_iterable_elements_with_field_equals_to_given_value
17	org.assertj.core.api.filter.Filter_with_property_equals_to_given_value_short_version_Test____should_fail_if_property_to_filter_on_is_null
18	org.assertj.core.api.iterable.IterableAssert_hasAtLeastOneElementOfType_Test____should_pass_if_actual_has_one_element_of_the_expected_type
19	org.assertj.core.error.ShouldContainSequenceString_create_Test____should_create_error_message
20	org.assertj.core.error.ShouldContainSequenceString_create_Test____should_create_error_message_with_custom_comparison_strategy
21	org.assertj.core.api.iterable.IterableAssert_flatExtracting_with_String_parameter_Test____should_allow_assertions_on_empty_result_lists
22	org.assertj.core.api.iterable.IterableAssert_flatExtracting_with_String_parameter_Test____should_throw_exception_when_extracting_from_null
23	org.assertj.core.api.iterable.IterableAssert_flatExtracting_with_String_parameter_Test____should_allow_assertions_on_joined_lists_when_extracting_children_array
24	org.assertj.core.api.iterable.IterableAssert_flatExtracting_with_String_parameter_Test____should_allow_assertions_on_joined_lists_when_extracting_children
25	org.assertj.core.api.iterable.IterableAssert_flatExtracting_with_String_parameter_Test____should_throw_exception_when_extracted_value_is_not_an_array_or_an_iterable
26	org.assertj.core.error.ShouldNotContainAtIndex_create_Test____should_create_error_message
27	org.assertj.core.error.ShouldNotContainAtIndex_create_Test____should_create_error_message_with_custom_comparison_strategy
28	org.assertj.core.error.ShouldNotEndWith_create_Test____should_create_error_message
29	org.assertj.core.error.ShouldNotEndWith_create_Test____should_create_error_message_with_custom_comparison_strategy
30	org.assertj.core.util.DateUtil_timeDifference_Test____should_throws_IllegalArgumentException_if_second_date_parameter_is_null
31	org.assertj.core.util.DateUtil_timeDifference_Test____should_throws_IllegalArgumentException_if_first_date_parameter_is_null
32	org.assertj.core.util.DateUtil_timeDifference_Test____should_return_dates_time_difference
33	org.assertj.core.util.Files_linesOf_Test____should_pass_if_unix_file_is_split_into_lines_using_charset
34	org.assertj.core.util.Files_linesOf_Test____should_pass_if_windows_file_is_split_into_lines_using_charset
35	org.assertj.core.util.Files_linesOf_Test____should_pass_if_mac_file_is_split_into_lines_using_charset
36	org.assertj.core.util.Files_linesOf_Test____should_pass_if_mac_file_is_split_into_lines
37	org.assertj.core.util.Files_linesOf_Test____should_pass_if_windows_file_is_split_into_lines
38	org.assertj.core.util.Files_linesOf_Test____should_throw_exception_if_file_not_found
39	org.assertj.core.util.Files_linesOf_Test____should_pass_if_unix_file_is_split_into_lines
40	org.assertj.core.util.Files_linesOf_Test____should_throw_exception_when_charset_is_null
41	org.assertj.core.util.Files_linesOf_Test____should_throw_exception_if_charset_name_does_not_exist
42	org.assertj.core.error.ShouldNotBe_create_Test____should_create_error_message
43	org.assertj.core.api.Assertions_assertThat_with_primitive_boolean_Test____should_pass_actual
44	org.assertj.core.api.Assertions_assertThat_with_primitive_boolean_Test____should_create_Assert
45	org.assertj.core.util.Hexadecimals_Test____should_return_hexadecimal_representation_of_byte
46	org.assertj.core.error.ShouldBeReadable_create_Test____should_create_error_message_for_File
47	org.assertj.core.error.ShouldBeSubsetOf_create_Test____should_create_error_message
48	org.assertj.core.error.ShouldBeSubsetOf_create_Test____should_create_error_message_with_custom_comparison_strategy
49	org.assertj.core.api.iterable.IterableAssert_filteredOnNull_Test____should_filter_iterable_under_test_on_null_nested_property_values
50	org.assertj.core.api.iterable.IterableAssert_filteredOnNull_Test____should_fail_if_on_of_the_iterable_element_does_not_have_given_property_or_field
51	org.assertj.core.api.iterable.IterableAssert_filteredOnNull_Test____should_filter_iterable_under_test_on_null_property_values
52	org.assertj.core.groups.FieldsOrPropertiesExtractor_extract_tuples_Test____should_extract_tuples_from_fields_or_properties
53	org.assertj.core.groups.FieldsOrPropertiesExtractor_extract_tuples_Test____should_throw_exception_when_given_name_is_empty
54	org.assertj.core.groups.FieldsOrPropertiesExtractor_extract_tuples_Test____should_extract_tuples_with_consistent_iteration_order
55	org.assertj.core.groups.FieldsOrPropertiesExtractor_extract_tuples_Test____should_extract_tuples_with_null_value_for_null_nested_field_or_property
56	org.assertj.core.groups.FieldsOrPropertiesExtractor_extract_tuples_Test____should_throw_exception_when_given_name_is_null
57	org.assertj.core.groups.FieldsOrPropertiesExtractor_extract_tuples_Test____should_throw_error_when_no_property_nor_public_field_match_one_of_given_names
58	org.assertj.core.api.abstract_.AbstractAssert_overridingErrorMessage_Test____should_fail_with_overridden_error_message
59	org.assertj.core.api.abstract_.AbstractAssert_overridingErrorMessage_Test____should_fail_with_overridden_error_message_not_interpreted_with_string_format_feature_as_no_args_are_given
60	org.assertj.core.api.abstract_.AbstractAssert_overridingErrorMessage_Test____should_fail_with_overridden_error_message_interpreted_with_string_format_feature
61	org.assertj.core.api.abstract_.AbstractAssert_overridingErrorMessage_Test____should_return_this
62	org.assertj.core.api.abstract_.AbstractAssert_overridingErrorMessage_Test____should_pass_with_error_message_overridden
63	org.assertj.core.api.abstract_.AbstractAssert_overridingErrorMessage_Test____should_fail_with_description_and_overridden_error_message_using_string_format_feature
64	org.assertj.core.error.ElementsShouldHave_create_Test____should_create_error_message
65	org.assertj.core.error.ShouldContainOnly_create_Test____should_not_display_elements_not_found_when_there_are_none_with_custom_comparison_strategy
66	org.assertj.core.error.ShouldContainOnly_create_Test____should_not_display_unexpected_elements_when_there_are_none
67	org.assertj.core.error.ShouldContainOnly_create_Test____should_not_display_unexpected_elements_when_there_are_none_with_custom_comparison_strategy
68	org.assertj.core.error.ShouldContainOnly_create_Test____should_create_error_message
69	org.assertj.core.error.ShouldContainOnly_create_Test____should_create_error_message_with_custom_comparison_strategy
70	org.assertj.core.error.ShouldContainOnly_create_Test____should_not_display_elements_not_found_when_there_are_none
71	org.assertj.core.api.DescriptionValidator_notNull_Test____should_return_description_with_given_text
72	org.assertj.core.api.DescriptionValidator_notNull_Test____should_throw_error_if_text_description_is_null
73	org.assertj.core.api.DescriptionValidator_notNull_Test____should_return_same_description
74	org.assertj.core.api.DescriptionValidator_notNull_Test____should_throw_error_if_description_is_null
75	org.assertj.core.error.ShouldHaveComparableElementsAccordingToComparator_create_Test____should_create_error_message
76	org.assertj.core.error.ShouldBeSubstringOf_create_Test____should_create_error_message
77	org.assertj.core.error.ShouldBeSubstringOf_create_Test____should_create_error_message_with_comparison_strategy
78	org.assertj.core.error.ShouldNotBeEqualIgnoringCase_create_Test____should_create_error_message
79	org.assertj.core.util.xml.XmlStringPrettyFormatter_prettyFormat_Test____should_format_xml_string_without_xml_declaration_prettily
80	org.assertj.core.util.xml.XmlStringPrettyFormatter_prettyFormat_Test____should_format_xml_string_with_space_and_newline_prettily
81	org.assertj.core.util.xml.XmlStringPrettyFormatter_prettyFormat_Test____should_throw_error_when_xml_string_is_not_valid
82	org.assertj.core.util.xml.XmlStringPrettyFormatter_prettyFormat_Test____should_throw_error_when_xml_string_is_null
83	org.assertj.core.util.xml.XmlStringPrettyFormatter_prettyFormat_Test____should_format_xml_string_prettily
84	org.assertj.core.error.ShouldNotBeEmpty_create_Test____should_create_error_message
85	org.assertj.core.description.TextDescription_toString_Test____should_return_value
86	org.assertj.core.description.TextDescription_toString_Test____should_return_formatted_value
87	org.assertj.core.util.Objects_castIfBelongsToType_Test____should_return_null_if_object_is_null
88	org.assertj.core.util.Objects_castIfBelongsToType_Test____should_return_null_if_object_does_not_belong_to_given_type
89	org.assertj.core.util.Objects_castIfBelongsToType_Test____should_return_object_casted_to_given_type
90	org.assertj.core.error.ShouldBeLess_create_Test____should_create_error_message
91	org.assertj.core.error.ShouldBeLess_create_Test____should_create_error_message_with_custom_comparison_strategy
92	org.assertj.core.error.ShouldNotBeInstance_create_Test____should_create_error_message
93	org.assertj.core.error.ShouldContainString_create_Test____should_create_error_message_when_ignoring_case
94	org.assertj.core.error.ShouldContainString_create_Test____should_create_error_message
95	org.assertj.core.error.ShouldContainString_create_Test____should_create_error_message_with_custom_comparison_strategy
96	org.assertj.core.error.ShouldContainString_create_Test____should_create_error_message_with_several_string_values
97	org.assertj.core.internal.files.Diff_diff_File_Test____should_return_diffs_if_content_of_actual_is_shorter_than_content_of_expected
98	org.assertj.core.internal.files.Diff_diff_File_Test____should_return_diffs_if_files_do_not_have_equal_content
99	org.assertj.core.internal.files.Diff_diff_File_Test____should_return_empty_diff_list_if_files_have_equal_content
100	org.assertj.core.internal.files.Diff_diff_File_Test____should_return_diffs_if_content_of_actual_is_longer_than_content_of_expected
101	org.assertj.core.internal.StandardComparisonStrategy_stringContains_Test____should_pass
102	org.assertj.core.error.ShouldBeEmpty_create_Test____should_create_error_message
103	org.assertj.core.error.ShouldHaveTime_create_Test____should_create_error_message
104	org.assertj.core.error.ShouldHaveName_create_Test____should_create_error_message
105	org.assertj.core.condition.AnyOf_anyOf_with_array_Test____should_create_new_AnyOf_with_passed_Conditions
106	org.assertj.core.data.Percentage_withPercentage_with_Integer_Test____should_throw_error_if_value_is_greater_hundred
107	org.assertj.core.data.Percentage_withPercentage_with_Integer_Test____should_create_Percentage
108	org.assertj.core.data.Percentage_withPercentage_with_Integer_Test____should_throw_error_if_value_is_null
109	org.assertj.core.data.Percentage_withPercentage_with_Integer_Test____should_throw_error_if_value_is_negative
110	org.assertj.core.error.ShouldBeUpperCase_create_Test____should_create_error_message
111	org.assertj.core.error.ShouldNotBeExactlyInstance_create_Test____should_create_error_message
112	org.assertj.core.error.ShouldContainValue_create_Test____should_create_error_message
113	org.assertj.core.error.ShouldBeEqualComparingOnlyGivenFields_create_Test____should_create_error_message_with_single_field_difference
114	org.assertj.core.error.ShouldBeEqualComparingOnlyGivenFields_create_Test____should_create_error_message_with_all_fields_differences
115	org.assertj.core.util.Files_temporaryFolderPath_Test____should_find_path_of_temporary_folder
116	org.assertj.core.util.introspection.PropertyOrFieldSupport_getValueOf_Test____should_extract_public_field_values_as_no_property_matches_given_name
117	org.assertj.core.util.introspection.PropertyOrFieldSupport_getValueOf_Test____should_throw_exception_if_property_cannot_be_extracted_due_to_runtime_exception_during_property_access
118	org.assertj.core.util.introspection.PropertyOrFieldSupport_getValueOf_Test____should_throw_exception_when_given_name_is_empty
119	org.assertj.core.util.introspection.PropertyOrFieldSupport_getValueOf_Test____should_extract_property_with_no_corresponding_field
120	org.assertj.core.util.introspection.PropertyOrFieldSupport_getValueOf_Test____should_extract_private_field_values_as_no_property_matches_given_name
121	org.assertj.core.util.introspection.PropertyOrFieldSupport_getValueOf_Test____should_throw_exception_when_given_property_or_field_name_is_null
122	org.assertj.core.util.introspection.PropertyOrFieldSupport_getValueOf_Test____should_throw_error_when_no_property_nor_public_field_match_given_name_if_extraction_is_limited_to_public_fields
123	org.assertj.core.util.introspection.PropertyOrFieldSupport_getValueOf_Test____should_return_null_if_one_of_nested_property_or_field_value_is_null
124	org.assertj.core.util.introspection.PropertyOrFieldSupport_getValueOf_Test____should_extract_single_value_from_maps_by_key
125	org.assertj.core.util.introspection.PropertyOrFieldSupport_getValueOf_Test____should_fallback_to_field_if_exception_has_been_thrown_on_property_access
126	org.assertj.core.util.introspection.PropertyOrFieldSupport_getValueOf_Test____should_extract_property_value
127	org.assertj.core.util.introspection.PropertyOrFieldSupport_getValueOf_Test____should_prefer_properties_over_fields
128	org.assertj.core.util.introspection.PropertyOrFieldSupport_getValueOf_Test____should_throw_exception_if_no_object_is_given
129	org.assertj.core.util.introspection.PropertyOrFieldSupport_getValueOf_Test____should_throw_error_when_no_property_nor_field_match_given_name
130	org.assertj.core.util.introspection.PropertyOrFieldSupport_getValueOf_Test____should_extract_nested_property_field_combinations
131	org.assertj.core.util.Arrays_nonNullElementsIn_Test____should_return_an_empty_Collection_if_given_array_has_only_null_elements
132	org.assertj.core.util.Arrays_nonNullElementsIn_Test____should_return_a_Collection_without_null_elements
133	org.assertj.core.util.Arrays_nonNullElementsIn_Test____should_return_empty_Collection_if_given_array_is_null
134	org.assertj.core.util.Arrays_nonNullElementsIn_Test____should_return_an_empty_Collection_if_given_array_is_empty
135	org.assertj.core.api.Assertions_assertThat_with_Integer_Test____should_pass_actual
136	org.assertj.core.api.Assertions_assertThat_with_Integer_Test____should_create_Assert
137	org.assertj.core.condition.AllOf_matches_Test____should_not_match_if_at_least_one_Condition_does_not_match
138	org.assertj.core.condition.AllOf_matches_Test____should_match_if_all_Condition_match
139	org.assertj.core.util.introspection.FieldSupport_isAllowedToReadField_Test____fieldSupport_should_be_allowed_to_read_public_field_only
140	org.assertj.core.util.introspection.FieldSupport_isAllowedToReadField_Test____fieldSupport_should_be_allowed_to_read_whatever_field_when_allowedToUsePrivateFields_flag_is_true
141	org.assertj.core.internal.StandardComparisonStrategy_stringStartsWith_Test____should_pass
142	org.assertj.core.error.ShouldBeBeforeOrEqualsTo_create_Test____should_create_error_message
143	org.assertj.core.data.Offset_offset_with_Float_Test____should_throw_error_if_value_is_null
144	org.assertj.core.data.Offset_offset_with_Float_Test____should_create_Offset
145	org.assertj.core.data.Offset_offset_with_Float_Test____should_throw_error_if_value_is_negative
146	org.assertj.core.api.Assertions_withinPercentage_Test____should_create_long
147	org.assertj.core.api.Assertions_withinPercentage_Test____should_create_double
148	org.assertj.core.api.Assertions_withinPercentage_Test____should_create_integer
149	org.assertj.core.error.ElementsShouldBe_create_Test____should_create_error_message
150	org.assertj.core.data.Offset_offset_with_Double_Test____should_throw_error_if_value_is_null
151	org.assertj.core.data.Offset_offset_with_Double_Test____should_create_Offset
152	org.assertj.core.data.Offset_offset_with_Double_Test____should_throw_error_if_value_is_negative
153	org.assertj.core.util.DateUtil_formatTimeDifference_Test____should_throws_IllegalArgumentException_if_second_date_parameter_is_null
154	org.assertj.core.util.DateUtil_formatTimeDifference_Test____should_throws_IllegalArgumentException_if_first_date_parameter_is_null
155	org.assertj.core.util.DateUtil_formatTimeDifference_Test____should_return_dates_time_difference
156	org.assertj.core.api.abstract_.AbstractAssert_as_with_text_description_Test____should_return_this
157	org.assertj.core.api.abstract_.AbstractAssert_as_with_text_description_Test____should_set_description
158	org.assertj.core.api.abstract_.AbstractAssert_as_with_text_description_Test____should_throw_error_if_description_is_null
159	org.assertj.core.error.ShouldBeRelativePath_create_Test____should_create_error_message_for_File
160	org.assertj.core.error.ShouldBeNullOrEmpty_create_Test____should_create_error_message
161	org.assertj.core.error.ShouldNotExist_create_Test____should_create_error_message_for_File_object
162	org.assertj.core.util.IterableUtil_nonNullElementsIn_Test____should_return_a_list_without_null_elements
163	org.assertj.core.util.IterableUtil_nonNullElementsIn_Test____should_return_empty_List_if_given_Iterable_is_empty
164	org.assertj.core.util.IterableUtil_nonNullElementsIn_Test____should_return_empty_List_if_given_Iterable_has_only_null_elements
165	org.assertj.core.util.IterableUtil_nonNullElementsIn_Test____should_return_empty_List_if_given_Iterable_is_null
166	org.assertj.core.error.ShouldBeAtIndex_create_Test____should_create_error_message
167	org.assertj.core.api.Assertions_assertThat_with_Iterator_Test____should_allow_null
168	org.assertj.core.api.Assertions_assertThat_with_Iterator_Test____should_create_Assert
169	org.assertj.core.api.Assertions_assertThat_with_Iterator_Test____iterator_can_be_asserted_twice_even_though_it_can_be_iterated_only_once
170	org.assertj.core.api.Assertions_assertThat_with_Iterator_Test____should_initialise_actual
171	org.assertj.core.util.Maps_newWeakHashMap_Test____should_return_empty_mutable_WeakHashMap
172	org.assertj.core.util.Maps_newWeakHashMap_Test____should_return_new_WeakHashMap
173	org.assertj.core.api.abstract_.AbstractAssert_equal_hashCode_Test____shouldReturnOneAsHashCode
174	org.assertj.core.api.abstract_.AbstractAssert_equal_hashCode_Test____should_fail_because_not_supported_operation
175	org.assertj.core.api.Assertions_assertThat_with_DoubleArray_Test____should_pass_actual
176	org.assertj.core.api.Assertions_assertThat_with_DoubleArray_Test____should_create_Assert
177	org.assertj.core.error.ShouldBeInSameDay_create_Test____should_create_error_message
178	org.assertj.core.api.filter.Filter_with_property_equals_to_given_value_Test____should_filter_iterable_elements_with_property_equals_to_given_value
179	org.assertj.core.api.filter.Filter_with_property_equals_to_given_value_Test____should_fail_if_elements_to_filter_do_not_have_property_used_by_filter
180	org.assertj.core.api.filter.Filter_with_property_equals_to_given_value_Test____should_filter_iterable_elements_with_field_equals_to_given_value
181	org.assertj.core.api.filter.Filter_with_property_equals_to_given_value_Test____should_fail_if_property_to_filter_on_is_null
182	org.assertj.core.error.ElementsShouldHaveAtLeast_create_Test____should_create_error_message
183	org.assertj.core.internal.StandardComparisonStrategy_isGreaterThan_Test____should_pass
184	org.assertj.core.internal.StandardComparisonStrategy_isGreaterThan_Test____should_fail_if_first_parameter_is_not_comparable
185	org.assertj.core.api.Assertions_assertThat_with_primitive_long_Test____should_pass_actual
186	org.assertj.core.api.Assertions_assertThat_with_primitive_long_Test____should_create_Assert
187	org.assertj.core.condition.AnyOf_toString_Test____should_implement_toString_showing_descriptions_of_inner_Conditions
188	org.assertj.core.util.URLs_linesOf_Test____should_throw_exception_if_url_not_found
189	org.assertj.core.util.URLs_linesOf_Test____should_pass_if_resource_file_is_split_into_lines
190	org.assertj.core.util.URLs_linesOf_Test____should_pass_if_resource_file_is_split_into_lines_using_charset
191	org.assertj.core.error.ShouldHaveMessageMatchingRegex_create_Test____should_create_error_message
192	org.assertj.core.util.DateUtil_minuteOf_Test____should_return_minute_of_date
193	org.assertj.core.util.DateUtil_minuteOf_Test____should_throws_NullPointerException_if_date_parameter_is_null
194	org.assertj.core.util.Lists_newArrayList_withVarArgs_Test____should_return_empty_List_if_array_is_empty
195	org.assertj.core.util.Lists_newArrayList_withVarArgs_Test____should_return_null_if_array_is_null
196	org.assertj.core.util.Lists_newArrayList_withVarArgs_Test____should_return_List_containing_all_elements_in_array
197	org.assertj.core.api.objectarray.ObjectArrayAssert_flatExtracting_with_String_parameter_Test____should_allow_assertions_on_empty_result_lists
198	org.assertj.core.api.objectarray.ObjectArrayAssert_flatExtracting_with_String_parameter_Test____should_allow_assertions_on_joined_lists_when_extracting_children_array
199	org.assertj.core.api.objectarray.ObjectArrayAssert_flatExtracting_with_String_parameter_Test____should_allow_assertions_on_joined_lists_when_extracting_children
200	org.assertj.core.api.objectarray.ObjectArrayAssert_flatExtracting_with_String_parameter_Test____should_throw_illegal_argument_exception_when_extracting_from_null
201	org.assertj.core.api.objectarray.ObjectArrayAssert_flatExtracting_with_String_parameter_Test____should_throw_exception_when_extracted_value_is_not_an_array_or_an_iterable
202	org.assertj.core.error.ShouldBeLowerCase_create_Test____should_create_error_message
203	org.assertj.core.data.Percentage_withPercentage_with_Double_Test____should_throw_error_if_value_is_greater_hundred
204	org.assertj.core.data.Percentage_withPercentage_with_Double_Test____should_create_Percentage
205	org.assertj.core.data.Percentage_withPercentage_with_Double_Test____should_throw_error_if_value_is_null
206	org.assertj.core.data.Percentage_withPercentage_with_Double_Test____should_throw_error_if_value_is_negative
207	org.assertj.core.api.Assertions_assertThat_with_File_Test____should_pass_actual
208	org.assertj.core.api.Assertions_assertThat_with_File_Test____should_create_Assert
209	org.assertj.core.api.Assertions_assertThat_with_URL_Test____should_pass_actual
210	org.assertj.core.api.Assertions_assertThat_with_URL_Test____should_create_Assert
211	org.assertj.core.internal.StandardComparisonStrategy_stringEndsWith_Test____should_pass
212	org.assertj.core.api.abstract_.AbstractAssert_describedAs_with_text_description_Test____should_return_this
213	org.assertj.core.api.abstract_.AbstractAssert_describedAs_with_text_description_Test____should_set_description
214	org.assertj.core.api.abstract_.AbstractAssert_describedAs_with_text_description_Test____should_throw_error_if_description_is_null
215	org.assertj.core.data.MapEntry_equals_hashCode_Test____should_not_be_equal_to_null
216	org.assertj.core.data.MapEntry_equals_hashCode_Test____should_have_transitive_equals
217	org.assertj.core.data.MapEntry_equals_hashCode_Test____should_not_be_equal_to_MapEntry_with_different_value
218	org.assertj.core.data.MapEntry_equals_hashCode_Test____should_not_be_equal_to_Object_of_different_type
219	org.assertj.core.data.MapEntry_equals_hashCode_Test____should_maintain_equals_and_hashCode_contract
220	org.assertj.core.data.MapEntry_equals_hashCode_Test____should_have_symmetric_equals
221	org.assertj.core.data.MapEntry_equals_hashCode_Test____should_have_reflexive_equals
222	org.assertj.core.api.Assertions_assertThat_with_Character_Test____should_pass_actual
223	org.assertj.core.api.Assertions_assertThat_with_Character_Test____should_create_Assert
224	org.assertj.core.util.IterableUtil_sizeOf_Test____should_throws_exception_if_iterable_is_null
225	org.assertj.core.util.IterableUtil_sizeOf_Test____should_return_correct_size_for_non_collection_iterable
226	org.assertj.core.util.IterableUtil_sizeOf_Test____should_return_zero_if_iterable_is_empty
227	org.assertj.core.util.IterableUtil_sizeOf_Test____should_return_iterable_size
228	org.assertj.core.api.Tuple_Test____tuple_equal_should_support_primitive_array
229	org.assertj.core.api.Tuple_Test____convert_tuple_to_a_list
230	org.assertj.core.api.Tuple_Test____convert_tuple_to_an_array
231	org.assertj.core.api.Tuple_Test____test_for_issue_448
232	org.assertj.core.api.Tuple_Test____should_create_empty_tuple
233	org.assertj.core.api.Tuple_Test____tuple_representation
234	org.assertj.core.api.Tuple_Test____should_create_tuple
235	org.assertj.core.api.Tuple_Test____add_an_element_to_a_tuple
236	org.assertj.core.error.uri.ShouldHavePath_create_Test____should_create_error_message_for_url_has_no_path
237	org.assertj.core.error.uri.ShouldHavePath_create_Test____should_create_error_message_for_uri
238	org.assertj.core.error.uri.ShouldHavePath_create_Test____should_create_error_message_for_url
239	org.assertj.core.error.uri.ShouldHavePath_create_Test____should_create_error_message_for_uri_has_no_path
240	org.assertj.core.util.Preconditions_checkNotNullOrEmpty_GenericArray_Test____should_throw_NullPointerException_if_array_is_null
241	org.assertj.core.util.Preconditions_checkNotNullOrEmpty_GenericArray_Test____should_return_array_if_it_is_not_null_nor_empty
242	org.assertj.core.util.Preconditions_checkNotNullOrEmpty_GenericArray_Test____should_throw_IllegalArgumentException_if_array_is_empty
243	org.assertj.core.util.Files_newTemporaryFile_Test____should_create_new_temporary_file
244	org.assertj.core.groups.FieldsOrPropertiesExtractor_extract_Test____should_extract_null_values_for_null_nested_property_values
245	org.assertj.core.groups.FieldsOrPropertiesExtractor_extract_Test____should_throw_exception_if_property_cannot_be_extracted_due_to_runtime_exception_during_property_access
246	org.assertj.core.groups.FieldsOrPropertiesExtractor_extract_Test____should_throw_exception_when_given_name_is_empty
247	org.assertj.core.groups.FieldsOrPropertiesExtractor_extract_Test____should_throw_error_when_no_property_nor_public_field_match_given_name
248	org.assertj.core.groups.FieldsOrPropertiesExtractor_extract_Test____should_extract_null_valuesfor_null_property_values
249	org.assertj.core.groups.FieldsOrPropertiesExtractor_extract_Test____should_extract_pure_property_values
250	org.assertj.core.groups.FieldsOrPropertiesExtractor_extract_Test____should_extract_null_values_for_null_nested_field_values
251	org.assertj.core.groups.FieldsOrPropertiesExtractor_extract_Test____should_extract_field_values_in_absence_of_properties
252	org.assertj.core.groups.FieldsOrPropertiesExtractor_extract_Test____should_throw_exception_when_given_name_is_null
253	org.assertj.core.groups.FieldsOrPropertiesExtractor_extract_Test____should_extract_null_valuesfor_null_field_values
254	org.assertj.core.groups.FieldsOrPropertiesExtractor_extract_Test____should_fallback_to_field_if_exception_has_been_thrown_on_property_access
255	org.assertj.core.groups.FieldsOrPropertiesExtractor_extract_Test____should_prefer_properties_over_fields
256	org.assertj.core.groups.FieldsOrPropertiesExtractor_extract_Test____should_extract_property_values_when_no_public_field_match_given_name
257	org.assertj.core.groups.Properties_ofType_Test____should_create_a_new_Properties
258	org.assertj.core.util.URLs_contentOf_Test____should_load_resource_from_url_using_charset_name
259	org.assertj.core.util.URLs_contentOf_Test____should_throw_exception_if_url_not_found
260	org.assertj.core.util.URLs_contentOf_Test____should_load_resource_from_url_using_charset
261	org.assertj.core.data.Index_equals_hashCode_Test____should_not_be_equal_to_null
262	org.assertj.core.data.Index_equals_hashCode_Test____should_have_transitive_equals
263	org.assertj.core.data.Index_equals_hashCode_Test____should_not_be_equal_to_Object_of_different_type
264	org.assertj.core.data.Index_equals_hashCode_Test____should_maintain_equals_and_hashCode_contract
265	org.assertj.core.data.Index_equals_hashCode_Test____should_have_symmetric_equals
266	org.assertj.core.data.Index_equals_hashCode_Test____should_have_reflexive_equals
267	org.assertj.core.data.Index_equals_hashCode_Test____should_not_be_equal_to_Index_with_different_value
268	org.assertj.core.util.IterableUtil_isNullOrEmpty_Test____should_return_true_if_Iterable_is_empty
269	org.assertj.core.util.IterableUtil_isNullOrEmpty_Test____should_return_false_if_Collection_has_elements
270	org.assertj.core.util.IterableUtil_isNullOrEmpty_Test____should_return_true_if_Collection_is_empty
271	org.assertj.core.util.IterableUtil_isNullOrEmpty_Test____should_return_false_if_Iterable_has_elements
272	org.assertj.core.util.IterableUtil_isNullOrEmpty_Test____should_return_true_if_Iterable_is_null
273	org.assertj.core.data.Index_toString_Test____should_implement_toString
274	org.assertj.core.data.Percentage_toString_Test____toString_should_display_fractional_part_if_percentage_is_a_double
275	org.assertj.core.data.Percentage_toString_Test____toString_should_not_display_fractional_part_if_percentage_is_an_integer
276	org.assertj.core.error.ShouldNotHaveSameClass_create_Test____should_create_error_message
277	org.assertj.core.error.ShouldContain_create_Test____should_create_error_message_differentiating_long_from_integer_in_arrays
278	org.assertj.core.error.ShouldContain_create_Test____should_create_error_message
279	org.assertj.core.error.ShouldContain_create_Test____should_create_error_message_with_custom_comparison_strategy
280	org.assertj.core.error.ShouldContain_create_Test____should_create_error_message_differentiating_long_from_integer
281	org.assertj.core.error.ShouldContain_create_Test____should_create_error_message_differentiating_double_from_float
282	org.assertj.core.error.ShouldHaveAtLeastOneElementOfType_create_Test____should_create_error_message_for_iterable
283	org.assertj.core.error.ShouldHaveAtLeastOneElementOfType_create_Test____should_create_error_message_for_array
284	org.assertj.core.internal.StandardComparisonStrategy_isLessThan_Test____should_fail_if_a_parameter_is_not_comparable
285	org.assertj.core.internal.StandardComparisonStrategy_isLessThan_Test____should_pass
286	org.assertj.core.util.Strings_quoteString_Test____should_return_null_if_String_is_null
287	org.assertj.core.util.Strings_quoteString_Test____should_quote_String
288	org.assertj.core.util.Strings_quoteString_Test____should_quote_empty_String
289	org.assertj.core.util.Preconditions_checkNotNull_GenericObject_String_Test____should_throw_nullpointerexception_if_object_is_null
290	org.assertj.core.util.Preconditions_checkNotNull_GenericObject_String_Test____should_return_object_if_it_is_not_null_nor_empty
291	org.assertj.core.error.ShouldBeBetween_create_Test____should_create_error_message_with_period_upper_boundary_included
292	org.assertj.core.error.ShouldBeBetween_create_Test____should_create_error_message_with_period_boundaries_included
293	org.assertj.core.error.ShouldBeBetween_create_Test____should_create_error_message_with_period_lower_boundary_included
294	org.assertj.core.error.ShouldBeBetween_create_Test____should_create_error_message_with_period_boundaries_excluded
295	org.assertj.core.api.filter.Filter_with_property_not_in_given_values_Test____should_fail_if_elements_to_filter_do_not_have_property_used_by_filter
296	org.assertj.core.api.filter.Filter_with_property_not_in_given_values_Test____should_filter_iterable_elements_with_property_not_in_given_values
297	org.assertj.core.api.filter.Filter_with_property_not_in_given_values_Test____should_fail_if_property_to_filter_on_is_null
298	org.assertj.core.extractor.ToStringExtractorTest____should_extract_toString
299	org.assertj.core.internal.OnFieldsComparator_toString_Test____should_return_description_for_a_single_given_field
300	org.assertj.core.internal.OnFieldsComparator_toString_Test____should_return_description_for_multiple_given_fields
301	org.assertj.core.util.DateUtil_millisecondOf_Test____should_return_millisecond_of_date
302	org.assertj.core.util.DateUtil_millisecondOf_Test____should_throws_NullPointerException_if_date_parameter_is_null
303	org.assertj.core.error.ElementsShouldBeExactly_create_Test____should_create_error_message
304	org.assertj.core.error.ShouldHaveOnlyElementsOfType_create_Test____should_create_error_message_for_iterable
305	org.assertj.core.error.ShouldHaveOnlyElementsOfType_create_Test____should_create_error_message_for_array
306	org.assertj.core.util.DateUtil_yearOf_Test____should_return_year_of_date
307	org.assertj.core.util.DateUtil_yearOf_Test____should_throws_NullPointerException_if_date_parameter_is_null
308	org.assertj.core.util.Files_newTemporaryFolder_Test____should_create_new_temporary_folder
309	org.assertj.core.util.Files_newFile_Test____should_create_new_file
310	org.assertj.core.util.Files_newFile_Test____should_throw_error_if_file_path_belongs_to_directory_that_is_not_empty
311	org.assertj.core.util.Files_newFile_Test____should_throw_error_if_file_path_belongs_to_an_existing_file
312	org.assertj.core.util.Maps_newConcurrentHashMap_Test____should_return_new_ConcurrentHashMap
313	org.assertj.core.util.Maps_newConcurrentHashMap_Test____should_return_empty_mutable_ConcurrentHashMap
314	org.assertj.core.error.ShouldBe_create_Test____should_create_error_message
315	org.assertj.core.util.DateUtil_toCalendar_Test____should_convert_date_to_calendar
316	org.assertj.core.util.DateUtil_toCalendar_Test____should_return_null_if_date_to_convert_is_null
317	org.assertj.core.error.ShouldContainSequence_create_Test____should_create_error_message
318	org.assertj.core.error.ShouldContainSequence_create_Test____should_create_error_message_with_custom_comparison_strategy
319	org.assertj.core.error.BasicErrorMessageFactory_equals_hashCode_Test____should_not_be_equal_to_null
320	org.assertj.core.error.BasicErrorMessageFactory_equals_hashCode_Test____should_have_transitive_equals
321	org.assertj.core.error.BasicErrorMessageFactory_equals_hashCode_Test____should_not_be_equal_to_BasicErrorMessage_with_different_arguments
322	org.assertj.core.error.BasicErrorMessageFactory_equals_hashCode_Test____should_not_be_equal_to_Object_of_different_type
323	org.assertj.core.error.BasicErrorMessageFactory_equals_hashCode_Test____should_not_be_equal_to_BasicErrorMessage_with_different_format
324	org.assertj.core.error.BasicErrorMessageFactory_equals_hashCode_Test____should_maintain_equals_and_hashCode_contract
325	org.assertj.core.error.BasicErrorMessageFactory_equals_hashCode_Test____should_have_symmetric_equals
326	org.assertj.core.error.BasicErrorMessageFactory_equals_hashCode_Test____should_have_reflexive_equals
327	org.assertj.core.error.ShouldEndWith_create_Test____should_create_error_message
328	org.assertj.core.error.ShouldEndWith_create_Test____should_create_error_message_with_custom_comparison_strategy
329	org.assertj.core.error.ShouldHaveSameClass_create_Test____should_create_error_message
330	org.assertj.core.api.objectarray.ObjectArrayAssert_extracting_Test____should_allow_assertions_on_field_values_extracted_from_given_iterable
331	org.assertj.core.api.objectarray.ObjectArrayAssert_extracting_Test____should_allow_assertions_on_property_values_extracted_from_given_iterable
332	org.assertj.core.api.objectarray.ObjectArrayAssert_extracting_Test____should_allow_assertions_on_extractor_assertions_extracted_from_given_array
333	org.assertj.core.api.objectarray.ObjectArrayAssert_extracting_Test____should_allow_assertions_on_multiple_extracted_values_from_given_iterable
334	org.assertj.core.api.objectarray.ObjectArrayAssert_extracting_Test____should_throw_error_if_no_property_nor_field_with_given_name_can_be_extracted
335	org.assertj.core.api.objectarray.ObjectArrayAssert_extracting_Test____should_allow_assertions_on_property_values_extracted_from_given_iterable_with_extracted_type_defined
336	org.assertj.core.api.objectarray.ObjectArrayAssert_extracting_Test____should_throw_error_if_one_property_or_field_can_not_be_extracted
337	org.assertj.core.error.ShouldBeBefore_create_Test____should_create_error_message
338	org.assertj.core.description.TextDescription_constructor_Test____should_throw_error_if_value_is_null
339	org.assertj.core.description.TextDescription_constructor_Test____should_set_value
340	org.assertj.core.error.ShouldNotBeNull_create_Test____should_create_error_message
341	org.assertj.core.api.Assertions_assertThat_with_primitive_int_Test____should_pass_actual
342	org.assertj.core.api.Assertions_assertThat_with_primitive_int_Test____should_create_Assert
343	org.assertj.core.internal.ComparatorBasedComparisonStrategy_arrayContains_Test____should_return_false_if_array_does_not_contain_value_according_to_comparison_strategy
344	org.assertj.core.internal.ComparatorBasedComparisonStrategy_arrayContains_Test____should_return_true_if_array_contains_value_according_to_comparison_strategy
345	org.assertj.core.internal.ComparatorBasedComparisonStrategy_arrayContains_Test____should_return_false_if_array_is_empty
346	org.assertj.core.internal.ComparatorBasedComparisonStrategy_arrayContains_Test____should_fail_if_first_parameter_is_not_an_array
347	org.assertj.core.api.AutoCloseableSoftAssertionsTest____all_assertions_should_pass
348	org.assertj.core.api.AutoCloseableSoftAssertionsTest____should_be_able_to_catch_exceptions_thrown_by_all_proxied_methods
349	org.assertj.core.util.Files_contentOf_Test____should_load_file_using_charset
350	org.assertj.core.util.Files_contentOf_Test____should_throw_exception_if_charset_is_null
351	org.assertj.core.util.Files_contentOf_Test____should_throw_exception_if_file_not_found
352	org.assertj.core.util.Files_contentOf_Test____should_load_file_using_charset_name
353	org.assertj.core.util.Files_contentOf_Test____should_throw_exception_if_charset_name_does_not_exist
354	org.assertj.core.error.ShouldBeInSameMinuteWindow_create_Test____should_create_error_message
355	org.assertj.core.internal.files.BinaryDiff_diff_File_byteArray_Test____should_return_diff_if_inputstreams_differ_on_one_byte
356	org.assertj.core.internal.files.BinaryDiff_diff_File_byteArray_Test____should_return_diff_if_actual_is_shorter
357	org.assertj.core.internal.files.BinaryDiff_diff_File_byteArray_Test____should_return_diff_if_expected_is_shorter
358	org.assertj.core.internal.files.BinaryDiff_diff_File_byteArray_Test____should_return_no_diff_if_file_and_array_have_equal_content
359	org.assertj.core.groups.Properties_extractProperty_Test____should_create_a_new_Properties
360	org.assertj.core.groups.Properties_extractProperty_Test____should_throw_error_if_property_name_is_empty
361	org.assertj.core.groups.Properties_extractProperty_Test____should_throw_error_if_property_name_is_null
362	org.assertj.core.util.IterableUtil_format_Test____should_format_iterable_with_an_element_per_line_according_the_given_representation
363	org.assertj.core.util.IterableUtil_format_Test____should_return_empty_brackets_if_iterable_is_empty
364	org.assertj.core.util.IterableUtil_format_Test____should_format_recursive_iterable
365	org.assertj.core.util.IterableUtil_format_Test____should_format_iterable_with_custom_start_and_end
366	org.assertj.core.util.IterableUtil_format_Test____should_format_iterable_with_one_element_per_line_when_single_line_description_is_too_long
367	org.assertj.core.util.IterableUtil_format_Test____should_format_iterable_with_an_element_per_line
368	org.assertj.core.util.IterableUtil_format_Test____should_return_null_if_iterable_is_null
369	org.assertj.core.util.IterableUtil_format_Test____should_format_iterable_on_one_line_if_description_is_short_enough
370	org.assertj.core.api.Assertions_assertThat_with_Object_Test____should_pass_actual
371	org.assertj.core.api.Assertions_assertThat_with_Object_Test____should_create_Assert
372	org.assertj.core.api.Assertions_assertThat_with_URI_Test____should_pass_actual
373	org.assertj.core.api.Assertions_assertThat_with_URI_Test____should_create_Assert
374	org.assertj.core.error.ShouldBeExactlyInstance_create_Test____should_create_error_message
375	org.assertj.core.api.abstract_.AbstractAssert_get_writable_info_Test____should_keep_specific_error_message_and_description_set_by_user
376	org.assertj.core.error.ShouldBeDirectory_create_Test____should_create_error_message_for_File
377	org.assertj.core.internal.ComparatorBasedComparisonStrategy_isLessThanOrEqualTo_Test____should_fail_if_a_parameter_is_not_comparable
378	org.assertj.core.internal.ComparatorBasedComparisonStrategy_isLessThanOrEqualTo_Test____should_pass
379	org.assertj.core.internal.ComparatorBasedComparisonStrategy_iterableRemove_Test____should_not_fail_if_collections_is_empty_or_null
380	org.assertj.core.internal.ComparatorBasedComparisonStrategy_iterableRemove_Test____should_not_remove_value_from_collections_since_it_does_not_match_any_collections_elements_according_to_given_comparator
381	org.assertj.core.internal.ComparatorBasedComparisonStrategy_iterableRemove_Test____should_remove_value_from_collections_since_it_matches_one_collections_element_according_to_given_comparator
382	org.assertj.core.api.iterable.IterableAssert_extractingResultOf_Test____should_allow_assertions_on_method_invocation_result_extracted_from_given_iterable_with_enforcing_return_type
383	org.assertj.core.api.iterable.IterableAssert_extractingResultOf_Test____should_allow_assertions_on_method_invocation_result_extracted_from_given_iterable
384	org.assertj.core.api.iterable.IterableAssert_extractingResultOf_Test____should_throw_error_if_no_method_with_given_name_can_be_extracted
385	org.assertj.core.api.Condition_as_Description_Test____should_throw_error_of_description_is_null
386	org.assertj.core.api.Condition_as_Description_Test____should_set_description
387	org.assertj.core.api.Condition_as_Description_Test____should_return_same_condition
388	org.assertj.core.error.ConstructorInvoker_newInstance_Test____should_create_Object_using_reflection
389	org.assertj.core.util.DateUtil_monthOf_Test____should_return_month_of_date
390	org.assertj.core.util.DateUtil_monthOf_Test____should_throws_NullPointerException_if_date_parameter_is_null
391	org.assertj.core.api.JUnitBDDSoftAssertionsFailureTest____should_report_all_errors
392	org.assertj.core.api.iterable.IterableAssert_filteredOn_condition_Test____should_filter_iterable_under_test_on_combined_condition
393	org.assertj.core.api.iterable.IterableAssert_filteredOn_condition_Test____should_filter_iterable_under_test_on_condition
394	org.assertj.core.api.iterable.IterableAssert_filteredOn_condition_Test____should_fail_if_given_condition_is_null
395	org.assertj.core.api.iterable.IterableAssert_hasOnlyElementsOfType_Test____should_pass_if_actual_has_one_element_of_the_expected_type
396	org.assertj.core.error.ShouldContainKeys_create_Test____should_create_error_message
397	org.assertj.core.error.ShouldContainKeys_create_Test____should_create_error_message_with_multiple_keys
398	org.assertj.core.util.Strings_append_Test____should_append_String
399	org.assertj.core.util.Strings_append_Test____should_not_append_String_if_already_present
400	org.assertj.core.util.Preconditions_checkNotNullOrEmpty_String_Test____should_throw_NullPointerException_if_string_is_null
401	org.assertj.core.util.Preconditions_checkNotNullOrEmpty_String_Test____should_throw_IllegalArgumentException_if_string_is_empty
402	org.assertj.core.util.Preconditions_checkNotNullOrEmpty_String_Test____should_return_string_if_it_is_not_null_nor_empty
403	org.assertj.core.error.ShouldBeEqualIgnoringGivenFields_create_Test____should_create_error_message_with_single_field_difference
404	org.assertj.core.error.ShouldBeEqualIgnoringGivenFields_create_Test____should_create_error_message_with_all_fields_differences_without_ignored_fields
405	org.assertj.core.error.ShouldBeEqualIgnoringGivenFields_create_Test____should_create_error_message_with_all_fields_differences
406	org.assertj.core.error.ShouldBeEqualIgnoringGivenFields_create_Test____should_create_error_message_with_single_field_difference_without_ignored_fields
407	org.assertj.core.error.ShouldBeEqualIgnoringWhitespace_create_Test____should_create_error_message
408	org.assertj.core.internal.IgnoringFieldsComparator_compareTo_Test____should_return_true_if_all_but_ignored_fields_are_equal
409	org.assertj.core.internal.IgnoringFieldsComparator_compareTo_Test____should_return_false_if_Objects_do_not_have_the_same_properties
410	org.assertj.core.internal.IgnoringFieldsComparator_compareTo_Test____should_return_true_if_both_Objects_are_null
411	org.assertj.core.internal.IgnoringFieldsComparator_compareTo_Test____should_return_false_if_all_but_ignored_fields_are_not_equal
412	org.assertj.core.internal.IgnoringFieldsComparator_compareTo_Test____should_return_are_not_equal_if_second_Object_is_null_and_first_is_not
413	org.assertj.core.internal.IgnoringFieldsComparator_compareTo_Test____should_return_are_not_equal_if_first_Object_is_null_and_second_is_not
414	org.assertj.core.util.DateUtil_secondOf_Test____should_return_second_of_date
415	org.assertj.core.util.DateUtil_secondOf_Test____should_throws_NullPointerException_if_date_parameter_is_null
416	org.assertj.core.util.DateUtil_hourOfDayOf_Test____should_return_hour_of_day_of_date
417	org.assertj.core.util.DateUtil_hourOfDayOf_Test____should_throws_NullPointerException_if_date_parameter_is_null
418	org.assertj.core.util.Sets_newHashSet_Test____should_return_empty_mutable_Set
419	org.assertj.core.util.Sets_newHashSet_Test____should_return_new_HashSet
420	org.assertj.core.error.ShouldNotBeOfClassIn_Test____should_create_error_message
421	org.assertj.core.internal.ComparatorBasedComparisonStrategy_stringContains_Test____should_pass
422	org.assertj.core.util.Files_temporaryFolder_Test____should_find_temporary_folder
423	org.assertj.core.api.Assertions_assertThat_with_ByteArray_Test____should_pass_actual
424	org.assertj.core.api.Assertions_assertThat_with_ByteArray_Test____should_create_Assert
425	org.assertj.core.util.Throwables_removeAssertJElementFromStackTrace_Test____should_add_stack_trace_of_current_thread
426	org.assertj.core.condition.AnyOf_matches_Test____should_not_match_if_none_of_the_Conditions_match
427	org.assertj.core.condition.AnyOf_matches_Test____should_match_if_at_least_one_Condition_matches
428	org.assertj.core.internal.StandardComparisonStrategy_iterableContains_Test____should_return_false_if_iterable_is_null
429	org.assertj.core.internal.StandardComparisonStrategy_iterableContains_Test____should_pass
430	org.assertj.core.error.uri.ShouldHaveAnchor_create_Test____should_create_error_message_for_has_no_anchor
431	org.assertj.core.error.uri.ShouldHaveAnchor_create_Test____should_create_error_message_for_has_anchor
432	org.assertj.core.condition.DoesNotHave_matches_Test____should_not_match_Conditions_match
433	org.assertj.core.condition.DoesNotHave_matches_Test____should_match_if_Condition_not_match
434	org.assertj.core.api.filter.Filter_create_Test____should_fail_if_constructor_array_parameter_is_null
435	org.assertj.core.api.filter.Filter_create_Test____should_create_filter_from_iterable
436	org.assertj.core.api.filter.Filter_create_Test____should_create_filter_from_array
437	org.assertj.core.api.filter.Filter_create_Test____should_fail_if_constructor_iterable_parameter_is_null
438	org.assertj.core.error.ShouldBeInSameYear_create_Test____should_create_error_message
439	org.assertj.core.api.JUnitSoftAssertionsSuccessTest____all_assertions_should_pass
440	org.assertj.core.error.ElementsShouldNotHave_create_Test____should_create_error_message
441	org.assertj.core.description.TextDescription_equals_hashCode_Test____should_not_be_equal_to_null
442	org.assertj.core.description.TextDescription_equals_hashCode_Test____should_have_transitive_equals
443	org.assertj.core.description.TextDescription_equals_hashCode_Test____should_not_be_equal_to_Object_of_different_type
444	org.assertj.core.description.TextDescription_equals_hashCode_Test____should_maintain_equals_and_hashCode_contract
445	org.assertj.core.description.TextDescription_equals_hashCode_Test____should_have_symmetric_equals
446	org.assertj.core.description.TextDescription_equals_hashCode_Test____should_have_reflexive_equals
447	org.assertj.core.description.TextDescription_equals_hashCode_Test____should_not_be_equal_to_TextDescription_with_different_value
448	org.assertj.core.util.Strings_isEmpty_Test____should_return_true_if_String_is_null
449	org.assertj.core.util.Strings_isEmpty_Test____should_return_false_if_String_is_not_empty
450	org.assertj.core.util.Strings_isEmpty_Test____should_return_true_if_String_is_empty
451	org.assertj.core.error.ShouldHaveDateField_create_Test____should_create_error_message_for_fields
452	org.assertj.core.error.ShouldBeGreater_create_Test____should_create_error_message
453	org.assertj.core.error.ShouldBeGreater_create_Test____should_create_error_message_with_custom_comparison_strategy
454	org.assertj.core.error.ShouldNotStartWith_create_Test____should_create_error_message
455	org.assertj.core.error.ShouldNotStartWith_create_Test____should_create_error_message_with_custom_comparison_strategy
456	org.assertj.core.error.ShouldBeInstanceOfAny_create_Test____should_create_error_message
457	org.assertj.core.error.ShouldBeInSameHourWindow_create_Test____should_create_error_message
458	org.assertj.core.api.Assertions_assertThat_with_Double_Test____should_pass_actual
459	org.assertj.core.api.Assertions_assertThat_with_Double_Test____should_create_Assert
460	org.assertj.core.util.Lists_emptyList_Test____should_return_empty_List
461	org.assertj.core.internal.ComparatorBasedComparisonStrategy_stringStartsWith_Test____should_pass
462	org.assertj.core.api.fail.Fail_fail_withMessageAndCause_Test____shouldThrowErrorWithGivenMessageAndCause
463	org.assertj.core.internal.IgnoringFieldsComparator_toString_Test____should_return_description_of_IgnoringFieldsComparator
464	org.assertj.core.api.Assertions_tuple_Test____should_create_tuple
465	org.assertj.core.api.filter.Filter_having_condition_Test____should_filter_iterable_elements_satisfying_condition
466	org.assertj.core.api.filter.Filter_having_condition_Test____should_fail_if_filter_condition_is_null
467	org.assertj.core.api.Assertions_assertThat_with_Class_Test____should_pass_actual
468	org.assertj.core.api.Assertions_assertThat_with_Class_Test____should_create_Assert
469	org.assertj.core.error.ShouldBeSortedAccordingToComparator_create_Test____should_create_error_message_with_private_static_comparator
470	org.assertj.core.error.ShouldBeSortedAccordingToComparator_create_Test____should_create_error_message_with_comparator
471	org.assertj.core.util.Lists_newArrayList_withIterator_Test____should_return_empty_List_if_iterator_is_empty
472	org.assertj.core.util.Lists_newArrayList_withIterator_Test____should_return_List_containing_all_elements_in_iterator
473	org.assertj.core.util.Lists_newArrayList_withIterator_Test____should_return_null_if_iterator_is_null
474	org.assertj.core.api.Condition_describedAs_Description_Test____should_throw_error_of_description_is_null
475	org.assertj.core.api.Condition_describedAs_Description_Test____should_set_description
476	org.assertj.core.api.Condition_describedAs_Description_Test____should_return_same_condition
477	org.assertj.core.util.Arrays_isArray_Test____should_return_false_if_object_is_null
478	org.assertj.core.util.Arrays_isArray_Test____should_return_true_if_object_is_an_array
479	org.assertj.core.util.Arrays_isArray_Test____should_return_false_if_object_is_not_an_array
480	org.assertj.core.util.Throwables_getRootCause_Test____should_return_null_if_throwable_has_no_cause
481	org.assertj.core.util.Throwables_getRootCause_Test____should_return_root_cause_when_throwable_has_cause_which_has_cause
482	org.assertj.core.util.Throwables_getRootCause_Test____should_return_cause_when_throwable_has_cause
483	org.assertj.core.error.ShouldBeGreaterOrEqual_create_Test____should_create_error_message
484	org.assertj.core.error.ShouldBeGreaterOrEqual_create_Test____should_create_error_message_with_custom_comparison_strategy
485	org.assertj.core.error.ShouldBeSameGenericBetweenIterableAndCondition_create_Test____should_create_error_message
486	org.assertj.core.api.array.AbstractEnumerableAssert_hasSameSizeAs_with_Array_Test____should_fail_if_size_of_actual_has_same_as_other_array
487	org.assertj.core.api.array.AbstractEnumerableAssert_hasSameSizeAs_with_Array_Test____should_pass_if_actual_primitive_array_has_same_size_as_other_primitive_array
488	org.assertj.core.api.array.AbstractEnumerableAssert_hasSameSizeAs_with_Array_Test____should_pass_if_actual_object_array_has_same_size_as_other_object_array
489	org.assertj.core.api.array.AbstractEnumerableAssert_hasSameSizeAs_with_Array_Test____should_pass_if_actual_object_array_has_same_size_as_other_primitive_array
490	org.assertj.core.api.array.AbstractEnumerableAssert_hasSameSizeAs_with_Array_Test____should_pass_if_actual_primitive_array_has_same_size_as_other_object_array
491	org.assertj.core.api.iterable.IterableAssert_filteredOn_Test____should_filter_set_under_test_on_property_values
492	org.assertj.core.api.iterable.IterableAssert_filteredOn_Test____should_filter_iterable_under_test_on_private_field_values
493	org.assertj.core.api.iterable.IterableAssert_filteredOn_Test____should_fail_if_filter_operators_are_combined
494	org.assertj.core.api.iterable.IterableAssert_filteredOn_Test____should_fail_if_filter_is_on_private_field_and_reading_private_field_is_disabled
495	org.assertj.core.api.iterable.IterableAssert_filteredOn_Test____should_fail_if_on_of_the_iterable_element_does_not_have_given_property_or_field
496	org.assertj.core.api.iterable.IterableAssert_filteredOn_Test____should_filter_iterable_under_test_on_property_values
497	org.assertj.core.api.iterable.IterableAssert_filteredOn_Test____should_fail_if_given_expected_value_is_null
498	org.assertj.core.api.iterable.IterableAssert_filteredOn_Test____should_fail_if_given_property_or_field_name_is_null
499	org.assertj.core.api.iterable.IterableAssert_filteredOn_Test____should_filter_iterable_under_test_on_public_field_values
500	org.assertj.core.api.iterable.IterableAssert_filteredOn_Test____should_filter_iterable_under_test_on_property_not_backed_by_a_field_values
501	org.assertj.core.api.iterable.IterableAssert_filteredOn_Test____should_filter_iterable_under_test_on_nested_mixed_property_and_field_values
502	org.assertj.core.api.iterable.IterableAssert_filteredOn_Test____should_fail_if_given_property_or_field_name_is_empty
503	org.assertj.core.api.iterable.IterableAssert_filteredOn_Test____should_filter_iterable_under_test_on_nested_property_values
504	org.assertj.core.api.iterable.IterableAssert_filteredOn_Test____should_filter_iterator_under_test_on_property_values
505	org.assertj.core.util.introspection.MethodSupport_methodResultFor_Test____should_invoke_methods_without_arguments
506	org.assertj.core.util.introspection.MethodSupport_methodResultFor_Test____should_fail_meaningfully_if_method_does_not_return_value
507	org.assertj.core.util.introspection.MethodSupport_methodResultFor_Test____should_fail_meaningfully_if_object_instance_not_provided
508	org.assertj.core.util.introspection.MethodSupport_methodResultFor_Test____should_fail_meaningfully_if_method_name_not_provided
509	org.assertj.core.util.introspection.MethodSupport_methodResultFor_Test____should_fail_meaningfully_if_method_not_found
510	org.assertj.core.util.introspection.MethodSupport_methodResultFor_Test____should_invoke_methods_from_superclass
511	org.assertj.core.util.introspection.MethodSupport_methodResultFor_Test____should_fail_meaningfully_if_method_name_is_empty
512	org.assertj.core.util.introspection.MethodSupport_methodResultFor_Test____should_fail_meaningfully_if_method_is_not_public
513	org.assertj.core.api.filter.Filter_with_property_equals_to_null_value_Test____should_filter_iterable_elements_with_property_in_given_values
514	org.assertj.core.util.Objects_areEqual_Test____should_return_true_if_Objects_are_equal
515	org.assertj.core.util.Objects_areEqual_Test____should_return_true_if_arrays_of_Objects_are_equal
516	org.assertj.core.util.Objects_areEqual_Test____should_return_are_not_equal_if_Objects_are_not_equal
517	org.assertj.core.util.Objects_areEqual_Test____should_return_false_if_arrays_of_Objects_are_not_equal
518	org.assertj.core.util.Objects_areEqual_Test____should_return_true_if_both_Objects_are_null
519	org.assertj.core.util.Objects_areEqual_Test____should_return_are_not_equal_if_second_Object_is_null_and_first_is_not
520	org.assertj.core.util.Objects_areEqual_Test____should_return_are_not_equal_if_first_Object_is_null_and_second_is_not
521	org.assertj.core.util.Objects_areEqual_Test____should_return_false_if_arrays_of_primitives_are_not_equal
522	org.assertj.core.util.Objects_areEqual_Test____should_return_true_if_arrays_of_primitives_are_equal
523	org.assertj.core.util.Objects_areEqual_Test____should_return_false_if_one_parameter_is_not_an_array
524	org.assertj.core.util.Arrays_array_Test____should_return_parameter
525	org.assertj.core.internal.FieldByFieldComparator_compareTo_Test____should_return_true_if_Objects_are_equal
526	org.assertj.core.internal.FieldByFieldComparator_compareTo_Test____should_return_true_if_both_Objects_are_null
527	org.assertj.core.internal.FieldByFieldComparator_compareTo_Test____should_return_are_not_equal_if_second_Object_is_null_and_first_is_not
528	org.assertj.core.internal.FieldByFieldComparator_compareTo_Test____should_return_are_not_equal_if_Objects_do_not_have_the_same_properties
529	org.assertj.core.internal.FieldByFieldComparator_compareTo_Test____should_return_are_not_equal_if_first_Object_is_null_and_second_is_not
530	org.assertj.core.internal.FieldByFieldComparator_compareTo_Test____should_return_false_if_Objects_are_not_equal
531	org.assertj.core.error.ShouldHaveComparableElements_create_Test____should_create_error_message
532	org.assertj.core.api.Assertions_assertThat_with_Float_Test____should_pass_actual
533	org.assertj.core.api.Assertions_assertThat_with_Float_Test____should_create_Assert
534	org.assertj.core.api.Assertions_assertThat_with_Comparable_Test____should_pass_actual
535	org.assertj.core.api.Assertions_assertThat_with_Comparable_Test____should_create_Assert
536	org.assertj.core.presentation.NumberGrouping_Test____should_group_bytes_in_short
537	org.assertj.core.presentation.NumberGrouping_Test____should_group_bytes_in_integer
538	org.assertj.core.presentation.NumberGrouping_Test____should_group_words_in_hex_value
539	org.assertj.core.presentation.NumberGrouping_Test____should_group_words_in_byte_hex_value
540	org.assertj.core.internal.files.Diff_diff_File_String_Test____should_return_diffs_if_content_of_actual_is_shorter_than_content_of_expected
541	org.assertj.core.internal.files.Diff_diff_File_String_Test____should_return_empty_diff_list_if_file_and_string_have_equal_content
542	org.assertj.core.internal.files.Diff_diff_File_String_Test____should_return_diffs_if_file_and_string_do_not_have_equal_content
543	org.assertj.core.internal.files.Diff_diff_File_String_Test____should_return_diffs_if_content_of_actual_is_longer_than_content_of_expected
544	org.assertj.core.error.ShouldBeAbsolutePath_create_Test____should_create_error_message_for_File_Object
545	org.assertj.core.condition.Join_constructor_with_array_Test____should_throw_error_if_array_contains_nulls
546	org.assertj.core.condition.Join_constructor_with_array_Test____should_throw_error_if_array_is_null
547	org.assertj.core.condition.Join_constructor_with_array_Test____should_create_new_Join_with_passed_Conditions
548	org.assertj.core.util.Sets_newLinkedHashSet_Test____should_return_empty_mutable_Set
549	org.assertj.core.util.Sets_newLinkedHashSet_Test____should_return_new_HashSet
550	org.assertj.core.util.Sets_newLinkedHashSet_GenericArray_Test____should_return_Set_containing_all_elements_in_array
551	org.assertj.core.util.Sets_newLinkedHashSet_GenericArray_Test____should_return_empty_Set_if_array_is_empty
552	org.assertj.core.util.Sets_newLinkedHashSet_GenericArray_Test____should_return_null_if_array_is_null
553	org.assertj.core.api.Assertions_assertThat_with_Throwable_Test____can_capture_exception_and_then_assert_following_AAA_or_BDD_style
554	org.assertj.core.api.Assertions_assertThat_with_Throwable_Test____should_build_ThrowableAssert_with_throwable_thrown
555	org.assertj.core.api.Assertions_assertThat_with_Throwable_Test____should_fail_if_no_throwable_was_thrown
556	org.assertj.core.api.Assertions_assertThat_with_Throwable_Test____fail_with_good_message_when_assertion_is_failing
557	org.assertj.core.api.Assertions_assertThat_with_Throwable_Test____should_build_ThrowableAssert_with_runtime_exception_thrown
558	org.assertj.core.api.Assertions_assertThat_with_AssertProvider_Test____should_use_assert_provider_directly
559	org.assertj.core.api.Assertions_assertThat_with_AssertProvider_Test____should_allow_assert_provider_within_assertThat
560	org.assertj.core.api.Assertions_assertThat_with_IntArray_Test____should_pass_actual
561	org.assertj.core.api.Assertions_assertThat_with_IntArray_Test____should_create_Assert
562	org.assertj.core.api.iterable.Iterable_generics_with_varargs_Test____testListAssertWithGenerics
563	org.assertj.core.api.iterable.Iterable_generics_with_varargs_Test____testConcreteType
564	org.assertj.core.api.iterable.Iterable_generics_with_varargs_Test____testWithoutGenerics
565	org.assertj.core.internal.ComparatorBasedComparisonStrategy_toString_Test____toString_with_non_anonymous_comparator
566	org.assertj.core.internal.ComparatorBasedComparisonStrategy_toString_Test____toString_with_anonymous_comparator
567	org.assertj.core.error.ElementsShouldHaveAtMost_create_Test____should_create_error_message
568	org.assertj.core.api.iterable.IterableAssert_extracting_Test____should_allow_assertions_on_field_values_extracted_from_given_iterable
569	org.assertj.core.api.iterable.IterableAssert_extracting_Test____should_allow_assertions_on_property_values_extracted_from_given_iterable
570	org.assertj.core.api.iterable.IterableAssert_extracting_Test____should_allow_assertions_on_null_property_values_extracted_from_given_iterable
571	org.assertj.core.api.iterable.IterableAssert_extracting_Test____should_allow_extracting_single_values_using_extractor
572	org.assertj.core.api.iterable.IterableAssert_extracting_Test____sohuld_allow_extracting_multiple_values_using_extractor
573	org.assertj.core.api.iterable.IterableAssert_extracting_Test____should_allow_extracting_by_toString_method
574	org.assertj.core.api.iterable.IterableAssert_extracting_Test____should_allow_assertions_on_multiple_extracted_values_from_given_iterable
575	org.assertj.core.api.iterable.IterableAssert_extracting_Test____should_throw_error_if_no_property_nor_field_with_given_name_can_be_extracted
576	org.assertj.core.api.iterable.IterableAssert_extracting_Test____should_allow_assertions_on_property_values_extracted_from_given_iterable_with_extracted_type_defined
577	org.assertj.core.api.iterable.IterableAssert_extracting_Test____should_throw_error_if_one_property_or_field_can_not_be_extracted
578	org.assertj.core.api.Assertions_assertThat_with_BooleanArray_Test____should_pass_actual
579	org.assertj.core.api.Assertions_assertThat_with_BooleanArray_Test____should_create_Assert
580	org.assertj.core.error.ShouldBeSorted_create_Test____should_fail_if_object_parameter_is_not_an_array
581	org.assertj.core.error.ShouldBeSorted_create_Test____should_create_error_message
582	org.assertj.core.util.ArrayWrapperList_get_Test____should_throw_error_if_index_is_greater_than_size
583	org.assertj.core.util.ArrayWrapperList_get_Test____should_throw_error_if_index_is_equal_to_size
584	org.assertj.core.util.ArrayWrapperList_get_Test____should_return_value_at_index
585	org.assertj.core.util.ArrayWrapperList_get_Test____should_throw_error_if_index_is_negative
586	org.assertj.core.error.ShouldBeFile_create_Test____should_create_error_message
587	org.assertj.core.internal.ComparatorBasedComparisonStrategy_isGreaterThan_Test____should_fail_if_a_parameter_is_not_comparable
588	org.assertj.core.internal.ComparatorBasedComparisonStrategy_isGreaterThan_Test____should_pass
589	org.assertj.core.error.ShouldContainValues_create_Test____should_create_error_message_with_multiple_values
590	org.assertj.core.error.ShouldContainValues_create_Test____should_create_error_message_with_single_value
591	org.assertj.core.error.ShouldHaveExtension_create_Test____should_create_error_message
592	org.assertj.core.error.ShouldHaveExtension_create_Test____should_create_error_message_when_actual_does_not_have_extension
593	org.assertj.core.api.objectarray.ObjectArrayAssert_filteredOn_Test____should_filter_object_array_under_test_on_property_not_backed_by_a_field_values
594	org.assertj.core.api.objectarray.ObjectArrayAssert_filteredOn_Test____should_filter_object_array_under_test_on_nested_mixed_property_and_field_values
595	org.assertj.core.api.objectarray.ObjectArrayAssert_filteredOn_Test____should_fail_if_on_of_the_object_array_element_does_not_have_given_property_or_field
596	org.assertj.core.api.objectarray.ObjectArrayAssert_filteredOn_Test____should_filter_object_array_under_test_on_property_values
597	org.assertj.core.api.objectarray.ObjectArrayAssert_filteredOn_Test____should_filter_object_array_under_test_on_nested_property_values
598	org.assertj.core.api.objectarray.ObjectArrayAssert_filteredOn_Test____should_fail_if_filter_operators_are_combined
599	org.assertj.core.api.objectarray.ObjectArrayAssert_filteredOn_Test____should_fail_if_filter_is_on_private_field_and_reading_private_field_is_disabled
600	org.assertj.core.api.objectarray.ObjectArrayAssert_filteredOn_Test____should_filter_object_array_under_test_on_public_field_values
601	org.assertj.core.api.objectarray.ObjectArrayAssert_filteredOn_Test____should_fail_if_given_expected_value_is_null
602	org.assertj.core.api.objectarray.ObjectArrayAssert_filteredOn_Test____should_fail_if_given_property_or_field_name_is_null
603	org.assertj.core.api.objectarray.ObjectArrayAssert_filteredOn_Test____should_filter_object_array_under_test_on_private_field_values
604	org.assertj.core.api.objectarray.ObjectArrayAssert_filteredOn_Test____should_fail_if_given_property_or_field_name_is_empty
605	org.assertj.core.error.ShouldNotContainKeys_create_Test____should_create_error_message
606	org.assertj.core.error.ShouldNotContainKeys_create_Test____should_create_error_message_with_multiple_keys
607	org.assertj.core.api.filter.Filter_with_property_not_equals_to_given_value_Test____should_fail_if_elements_to_filter_do_not_have_property_used_by_filter
608	org.assertj.core.api.filter.Filter_with_property_not_equals_to_given_value_Test____should_filter_iterable_elements_with_property_not_equals_to_given_value
609	org.assertj.core.api.filter.Filter_with_property_not_equals_to_given_value_Test____should_fail_if_property_to_filter_on_is_null
610	org.assertj.core.error.ShouldNotBeBetween_create_Test____should_create_error_message_with_period_upper_boundary_included
611	org.assertj.core.error.ShouldNotBeBetween_create_Test____should_create_error_message_with_period_boundaries_included
612	org.assertj.core.error.ShouldNotBeBetween_create_Test____should_create_error_message_with_period_lower_boundary_included
613	org.assertj.core.error.ShouldNotBeBetween_create_Test____should_create_error_message_with_period_boundaries_excluded
614	org.assertj.core.api.Assertions_assertThat_with_Byte_Test____should_pass_actual
615	org.assertj.core.api.Assertions_assertThat_with_Byte_Test____should_create_Assert
616	org.assertj.core.condition.Not_toString_Test____should_implement_toString_showing_descriptions_of_inner_Conditions
617	org.assertj.core.error.BasicErrorMessageFactory_unquotedString_Test____should_implement_toString
618	org.assertj.core.error.ShouldHave_create_Test____should_create_error_message
619	org.assertj.core.error.ShouldHaveSameSizeAs_create_Test____should_create_error_message
620	org.assertj.core.error.ShouldHaveSameSizeAs_create_Test____should_create_error_message_with_hexadecimal_representation
621	org.assertj.core.description.TextDescription_value_Test____should_not_format_curly_brace
622	org.assertj.core.description.TextDescription_value_Test____should_return_value
623	org.assertj.core.description.TextDescription_value_Test____should_return_formatted_value
624	org.assertj.core.api.Assertions_assertThat_with_List_Test____should_pass_actual
625	org.assertj.core.api.Assertions_assertThat_with_List_Test____should_create_Assert_with_list_extended
626	org.assertj.core.api.Assertions_assertThat_with_List_Test____should_create_Assert
627	org.assertj.core.api.Assertions_assertThat_with_List_Test____should_create_Assert_generics
628	org.assertj.core.api.Assertions_assertThat_with_List_Test____should_create_Assert_with_extends
629	org.assertj.core.error.ShouldBeInstance_create_Test____should_create_shouldBeInstanceButWasNull_error_message
630	org.assertj.core.error.ShouldBeInstance_create_Test____should_create_error_message
631	org.assertj.core.util.Files_currentFolder_Test____should_return_current_folder
632	org.assertj.core.api.JUnitSoftAssertionsFailureTest____should_report_all_errors
633	org.assertj.core.error.ShouldBeSame_create_Test____should_create_error_message
634	org.assertj.core.error.ShouldBeInSameSecondWindow_create_Test____should_create_error_message
635	org.assertj.core.api.Assertions_assertThat_with_primitive_char_Test____should_pass_actual
636	org.assertj.core.api.Assertions_assertThat_with_primitive_char_Test____should_create_Assert
637	org.assertj.core.api.Assertions_assertThat_with_Boolean_Test____should_pass_actual
638	org.assertj.core.api.Assertions_assertThat_with_Boolean_Test____should_create_Assert
639	org.assertj.core.error.ShouldBeOfClassIn_Test____should_create_error_message
640	org.assertj.core.api.Assertions_assertThat_with_ShortArray_Test____should_pass_actual
641	org.assertj.core.api.Assertions_assertThat_with_ShortArray_Test____should_create_Assert
642	org.assertj.core.api.Assertions_assertThat_with_primitive_byte_Test____should_pass_actual
643	org.assertj.core.api.Assertions_assertThat_with_primitive_byte_Test____should_create_Assert
644	org.assertj.core.api.Condition_constructor_with_description_Test____should_set_description
645	org.assertj.core.api.Condition_constructor_with_description_Test____should_throw_error_if_description_is_null
646	org.assertj.core.api.objectarray.ObjectArrayAssert_flatExtracting_Test____should_allow_assertions_on_empty_result_lists
647	org.assertj.core.api.objectarray.ObjectArrayAssert_flatExtracting_Test____should_allow_assertions_on_joined_lists_when_extracting_children
648	org.assertj.core.api.objectarray.ObjectArrayAssert_flatExtracting_Test____should_throw_null_pointer_exception_when_extracting_from_null
649	org.assertj.core.error.ShouldContainAtIndex_create_Test____should_create_error_message
650	org.assertj.core.error.ShouldContainAtIndex_create_Test____should_create_error_message_with_custom_comparison_strategy
651	org.assertj.core.error.ShouldBeAfterOrEqualsTo_create_Test____should_create_error_message
652	org.assertj.core.error.BasicErrorMessageFactory_toString_Test____should_implement_toString
653	org.assertj.core.error.ShouldBeCloseTo_create_Test____should_create_error_message_with_period_boundaries_included
654	org.assertj.core.internal.inputstreams.Diff_diff_InputStream_Test____should_return_diffs_if_content_of_actual_is_shorter_than_content_of_expected
655	org.assertj.core.internal.inputstreams.Diff_diff_InputStream_Test____should_return_diffs_if_inputstreams_do_not_have_equal_content
656	org.assertj.core.internal.inputstreams.Diff_diff_InputStream_Test____should_return_diffs_if_content_of_actual_is_longer_than_content_of_expected
657	org.assertj.core.internal.inputstreams.Diff_diff_InputStream_Test____should_return_empty_diff_list_if_inputstreams_have_equal_content
658	org.assertj.core.api.filter.Filter_with_property_in_given_values_Test____should_fail_if_elements_to_filter_do_not_have_property_or_field_used_by_filter
659	org.assertj.core.api.filter.Filter_with_property_in_given_values_Test____should_filter_iterable_elements_with_property_in_given_values
660	org.assertj.core.api.filter.Filter_with_property_in_given_values_Test____should_fail_if_property_to_filter_on_is_null
661	org.assertj.core.error.ShouldNotContainValue_create_Test____should_create_error_message
662	org.assertj.core.api.Assertions_assertThat_with_Map_Test____should_pass_actual
663	org.assertj.core.api.Assertions_assertThat_with_Map_Test____should_create_Assert
664	org.assertj.core.internal.StandardComparisonStrategy_iterableRemove_Test____should_do_nothing_if_iterable_is_null
665	org.assertj.core.internal.StandardComparisonStrategy_iterableRemove_Test____should_pass
666	org.assertj.core.error.ElementsShouldBeAtLeast_create_Test____should_create_error_message
667	org.assertj.core.util.DateUtil_parse_date_Test____should_return_null_if_string_to_parse_is_null
668	org.assertj.core.util.DateUtil_parse_date_Test____should_parse_string_with_date_time_format
669	org.assertj.core.util.DateUtil_parse_date_Test____should_fail_if_string_does_not_respect_date_format
670	org.assertj.core.error.ElementsShouldNotBe_create_Test____should_create_error_message
671	org.assertj.core.internal.ComparatorBasedComparisonStrategy_isGreaterThanOrEqualTo_Test____should_fail_if_a_parameter_is_not_comparable
672	org.assertj.core.internal.ComparatorBasedComparisonStrategy_isGreaterThanOrEqualTo_Test____should_pass
673	org.assertj.core.error.ShouldHaveSize_create_Test____should_create_error_message
674	org.assertj.core.error.ShouldHaveSize_create_Test____should_create_error_message_with_hexadecimal_representation
675	org.assertj.core.api.Condition_describedAs_String_Test____should_throw_error_of_description_is_null
676	org.assertj.core.api.Condition_describedAs_String_Test____should_set_description
677	org.assertj.core.api.Condition_describedAs_String_Test____should_return_same_condition
678	org.assertj.core.error.uri.ShouldHavePort_create_Test____should_create_error_message_for_url_has_no_port
679	org.assertj.core.error.uri.ShouldHavePort_create_Test____should_create_error_message_for_uri
680	org.assertj.core.error.uri.ShouldHavePort_create_Test____should_create_error_message_for_url
681	org.assertj.core.error.uri.ShouldHavePort_create_Test____should_create_error_message_for_uri_has_no_port
682	org.assertj.core.util.Closeables_closeQuietly_Test____should_ignore_thrown_errors
683	org.assertj.core.util.Closeables_closeQuietly_Test____should_ignore_null_Closeables
684	org.assertj.core.util.Closeables_closeQuietly_Test____should_close_Closeables
685	org.assertj.core.error.ShouldHaveSameTime_create_Test____should_create_error_message
686	org.assertj.core.error.ShouldBeAssignableFrom_create_Test____should_create_error_message
687	org.assertj.core.api.objectarray.ObjectArrayAssert_filteredOn_not_Test____should_apply_not_filter
688	org.assertj.core.api.objectarray.ObjectArrayAssert_filteredOn_not_Test____should_filter_object_array_under_test_on_property_not_backed_by_a_field_values
689	org.assertj.core.api.objectarray.ObjectArrayAssert_filteredOn_not_Test____should_filter_object_array_under_test_on_nested_mixed_property_and_field_values
690	org.assertj.core.api.objectarray.ObjectArrayAssert_filteredOn_not_Test____should_fail_if_on_of_the_object_array_element_does_not_have_given_property_or_field
691	org.assertj.core.api.objectarray.ObjectArrayAssert_filteredOn_not_Test____should_filter_object_array_under_test_on_nested_property_values
692	org.assertj.core.api.objectarray.ObjectArrayAssert_filteredOn_not_Test____should_fail_if_filter_is_on_private_field_and_reading_private_field_is_disabled
693	org.assertj.core.api.objectarray.ObjectArrayAssert_filteredOn_not_Test____should_filter_object_array_under_test_on_public_field_values
694	org.assertj.core.api.objectarray.ObjectArrayAssert_filteredOn_not_Test____should_fail_if_given_expected_value_is_null
695	org.assertj.core.api.objectarray.ObjectArrayAssert_filteredOn_not_Test____should_fail_if_given_property_or_field_name_is_null
696	org.assertj.core.api.objectarray.ObjectArrayAssert_filteredOn_not_Test____should_filter_object_array_under_test_on_private_field_values
697	org.assertj.core.api.objectarray.ObjectArrayAssert_filteredOn_not_Test____should_fail_if_given_property_or_field_name_is_empty
698	org.assertj.core.error.ShouldExist_create_Test____should_create_error_message_for_File
699	org.assertj.core.condition.AllOf_allOf_with_Collection_Test____should_create_new_AllOf_with_passed_Conditions
700	org.assertj.core.error.uri.ShouldHaveAuthority_create_Test____should_create_error_message_for_uri
701	org.assertj.core.error.uri.ShouldHaveAuthority_create_Test____should_create_error_message_for_url
702	org.assertj.core.error.ElementsShouldHaveExactly_create_Test____should_create_error_message
703	org.assertj.core.api.filter.Filter_on_differents_properties_Test____should_fail_if_elements_to_filter_do_not_have_one_of_the_property_or_field_used_by_filter
704	org.assertj.core.api.filter.Filter_on_differents_properties_Test____should_filter_iterable_elements_on_different_properties
705	org.assertj.core.error.ShouldContainExactly_create_Test____should_create_error_message_when_only_elements_order_differs_according_to_custom_comparison_strategy
706	org.assertj.core.error.ShouldContainExactly_create_Test____should_create_error_message_when_sizes_differ_with_custom_comparison_strategy
707	org.assertj.core.error.ShouldContainExactly_create_Test____should_not_display_unexpected_elements_when_there_are_none
708	org.assertj.core.error.ShouldContainExactly_create_Test____should_not_display_unexpected_elements_when_there_are_none_with_custom_comparison_strategy
709	org.assertj.core.error.ShouldContainExactly_create_Test____should_create_error_message
710	org.assertj.core.error.ShouldContainExactly_create_Test____should_create_error_message_with_custom_comparison_strategy
711	org.assertj.core.error.ShouldContainExactly_create_Test____should_create_error_message_when_only_elements_order_differs
712	org.assertj.core.error.ShouldContainExactly_create_Test____should_create_error_message_when_sizes_differ
713	org.assertj.core.condition.DoesNotHave_toString_Test____should_implement_toString_showing_descriptions_of_inner_Conditions
714	org.assertj.core.error.ShouldNotContainKey_create_Test____should_create_error_message
715	org.assertj.core.condition.AllOf_toString_Test____should_implement_toString_showing_descriptions_of_inner_Conditions
716	org.assertj.core.util.Arrays_hasOnlyNullElements_Test____should_return_false_if_array_has_at_least_one_element_not_null
717	org.assertj.core.util.Arrays_hasOnlyNullElements_Test____should_throw_error_if_array_is_null
718	org.assertj.core.util.Arrays_hasOnlyNullElements_Test____should_return_false_if_array_is_empty
719	org.assertj.core.util.Arrays_hasOnlyNullElements_Test____should_return_true_if_array_has_only_null_elements
720	org.assertj.core.error.uri.ShouldHaveHost_create_Test____should_create_error_message_for_uri
721	org.assertj.core.error.uri.ShouldHaveHost_create_Test____should_create_error_message_for_url
722	org.assertj.core.api.Condition_default_constructor_Test____should_use_class_simple_name_as_description
723	org.assertj.core.error.ShouldContainOnlyKeys_create_Test____should_not_display_unexpected_elements_when_there_are_none
724	org.assertj.core.error.ShouldContainOnlyKeys_create_Test____should_create_error_message
725	org.assertj.core.internal.ComparatorBasedComparisonStrategy_duplicatesFrom_Test____should_return_existing_duplicates
726	org.assertj.core.internal.ComparatorBasedComparisonStrategy_duplicatesFrom_Test____should_not_return_any_duplicates
727	org.assertj.core.internal.ComparatorBasedComparisonStrategy_duplicatesFrom_Test____should_not_return_any_duplicates_if_collection_is_empty
728	org.assertj.core.internal.ComparatorBasedComparisonStrategy_duplicatesFrom_Test____should_not_return_any_duplicates_if_collection_is_null
729	org.assertj.core.error.ShouldHaveFields_create_Test____should_create_error_message_for_declared_fields
730	org.assertj.core.error.ShouldHaveFields_create_Test____should_create_error_message_for_fields
731	org.assertj.core.api.Assertions_assertThat_with_CharSequence_Test____should_pass_actual
732	org.assertj.core.api.Assertions_assertThat_with_CharSequence_Test____should_create_Assert
733	org.assertj.core.api.Assertions_assertThat_with_CharSequence_Test____should_create_Assert_with_StringBuilder
734	org.assertj.core.api.Assertions_assertThat_with_CharSequence_Test____should_create_Assert_with_StringBuffer
735	org.assertj.core.error.ShouldStartWith_create_Test____should_create_error_message
736	org.assertj.core.error.ShouldStartWith_create_Test____should_create_error_message_with_custom_comparison_strategy
737	org.assertj.core.util.Strings_join_Test____should_join_using_iterable_delimeter_and_escape
738	org.assertj.core.util.Strings_join_Test____should_join_using_delimeter
739	org.assertj.core.util.Strings_join_Test____should_join_using_delimeter_and_escape
740	org.assertj.core.util.Strings_join_Test____should_throw_error_if_delimeter_is_null
741	org.assertj.core.util.Strings_join_Test____should_return_empty_String_if_array_to_join_is_null
742	org.assertj.core.condition.AnyOf_anyOf_with_Collection_Test____should_create_new_AnyOf_with_passed_Conditions
743	org.assertj.core.error.ShouldHaveToString_create_Test____should_create_error_message
744	org.assertj.core.api.fail.Fail_fest_elements_stack_trace_filtering_Test____fest_elements_should_be_removed_from_assertion_error_stack_trace
745	org.assertj.core.api.fail.Fail_fest_elements_stack_trace_filtering_Test____fest_elements_should_be_kept_in_assertion_error_stack_trace
746	org.assertj.core.api.Assertions_assertThat_with_Iterable_Test____should_pass_actual
747	org.assertj.core.api.Assertions_assertThat_with_Iterable_Test____should_create_Assert
748	org.assertj.core.data.Index_atIndex_Test____should_throw_error_if_value_is_negative
749	org.assertj.core.data.Index_atIndex_Test____should_create_new_Index
750	org.assertj.core.util.ArrayWrapperList_wrap_Test____should_throw_error_if_parameter_is_not_array
751	org.assertj.core.util.ArrayWrapperList_wrap_Test____should_return_null_if_array_is_null
752	org.assertj.core.util.ArrayWrapperList_wrap_Test____should_create_ArrayWrapperList_if_array_is_not_null
753	org.assertj.core.util.ArrayWrapperList_size_Test____should_return_size_of_array[0]
754	org.assertj.core.util.ArrayWrapperList_size_Test____should_return_size_of_array[1]
755	org.assertj.core.util.ArrayWrapperList_size_Test____should_return_size_of_array[2]
756	org.assertj.core.util.Objects_hashCodeFor_Test____should_return_Arrays_deepHashCode_of_given_array
757	org.assertj.core.util.Objects_hashCodeFor_Test____should_return_hashCode_of_given_Object
758	org.assertj.core.util.Objects_hashCodeFor_Test____should_return_zero_if_Object_is_null
759	org.assertj.core.util.Objects_hashCodeFor_Test____should_return_hashCode_of_intarray
760	org.assertj.core.util.Arrays_isNullOrEmpty_Test____should_return_false_if_array_has_elements
761	org.assertj.core.util.Arrays_isNullOrEmpty_Test____should_return_true_if_array_is_null
762	org.assertj.core.util.Arrays_isNullOrEmpty_Test____should_return_true_if_array_is_empty
763	org.assertj.core.error.ShouldBeFinal_create_Test____should_create_error_message_for_is_final
764	org.assertj.core.error.ShouldBeFinal_create_Test____should_create_error_message_for_is_not_final
765	org.assertj.core.error.ShouldNotBeIn_create_Test____should_create_error_message
766	org.assertj.core.error.ShouldNotBeIn_create_Test____should_create_error_message_with_custom_comparison_strategy
767	org.assertj.core.error.ShouldBeEqual_assertj_elements_stack_trace_filtering_Test____fest_elements_should_be_removed_from_assertion_error_stack_trace
768	org.assertj.core.error.ShouldBeEqual_assertj_elements_stack_trace_filtering_Test____fest_elements_should_be_kept_in_assertion_error_stack_trace
769	org.assertj.core.error.ShouldBeEqualWithTimePrecision_create_Test____should_create_error_message_ignoring_millisseconds
770	org.assertj.core.error.ShouldBeEqualWithTimePrecision_create_Test____should_create_error_message_ignoring_seconds
771	org.assertj.core.error.ShouldBeEqualWithTimePrecision_create_Test____should_create_error_message_ignoring_miinutes
772	org.assertj.core.error.ShouldBeEqualWithTimePrecision_create_Test____should_create_error_message_ignoring_hours
773	org.assertj.core.api.Condition_description_Test____should_return_description
774	org.assertj.core.error.ShouldHaveAtIndex_create_Test____should_create_error_message
775	org.assertj.core.internal.StandardComparisonStrategy_isLessThanOrEqualTo_Test____should_fail_if_a_parameter_is_not_comparable
776	org.assertj.core.internal.StandardComparisonStrategy_isLessThanOrEqualTo_Test____should_pass
777	org.assertj.core.internal.ComparatorBasedComparisonStrategy_isLessThan_Test____should_fail_if_a_parameter_is_not_comparable
778	org.assertj.core.internal.ComparatorBasedComparisonStrategy_isLessThan_Test____should_pass
779	org.assertj.core.error.ShouldBeEqualWithinPercentage_create_Test____should_create_error_message_with_double_percentage_displayed_as_int
780	org.assertj.core.error.ShouldBeEqualWithinPercentage_create_Test____should_create_error_message_with_int_percentage_displayed_as_int
781	org.assertj.core.error.ShouldBeEqualWithinPercentage_create_Test____should_create_error_message_with_percentage_as_double
782	org.assertj.core.api.SoftAssertionsTest____all_assertions_should_pass
783	org.assertj.core.api.SoftAssertionsTest____should_be_able_to_catch_exceptions_thrown_by_all_proxied_methods
784	org.assertj.core.api.SoftAssertionsTest____should_pass_when_using_extracting_with_iterable
785	org.assertj.core.api.SoftAssertionsTest____should_pass_when_using_extracting_with_iterator
786	org.assertj.core.api.SoftAssertionsTest____should_pass_when_using_extracting_with_list
787	org.assertj.core.api.SoftAssertionsTest____should_pass_when_using_extracting_with_array
788	org.assertj.core.api.SoftAssertionsTest____should_pass_when_using_flat_extracting
789	org.assertj.core.api.SoftAssertionsTest____should_collect_all_errors_when_using_extracting
790	org.assertj.core.api.SoftAssertionsTest____should_be_able_to_catch_exceptions_thrown_by_map_assertions
791	org.assertj.core.api.SoftAssertionsTest____should_collect_all_errors_when_using_flat_extracting
792	org.assertj.core.error.DescriptionFormatter_format_expectingEmptyText_Test____should_return_empty_String[0]
793	org.assertj.core.error.DescriptionFormatter_format_expectingEmptyText_Test____should_return_empty_String[1]
794	org.assertj.core.error.DescriptionFormatter_format_expectingEmptyText_Test____should_return_empty_String[2]
795	org.assertj.core.data.MapEntry_toString_Test____should_implement_toString_using_standard_representation
796	org.assertj.core.data.MapEntry_toString_Test____should_implement_toString
797	org.assertj.core.api.iterable.IterableAssert_filteredOn_not_Test____should_apply_not_filter
798	org.assertj.core.api.iterable.IterableAssert_filteredOn_not_Test____should_filter_iterable_under_test_on_private_field_values
799	org.assertj.core.api.iterable.IterableAssert_filteredOn_not_Test____should_fail_if_filter_is_on_private_field_and_reading_private_field_is_disabled
800	org.assertj.core.api.iterable.IterableAssert_filteredOn_not_Test____should_fail_if_on_of_the_iterable_element_does_not_have_given_property_or_field
801	org.assertj.core.api.iterable.IterableAssert_filteredOn_not_Test____should_fail_if_given_expected_value_is_null
802	org.assertj.core.api.iterable.IterableAssert_filteredOn_not_Test____should_fail_if_given_property_or_field_name_is_null
803	org.assertj.core.api.iterable.IterableAssert_filteredOn_not_Test____should_filter_iterable_under_test_on_public_field_values
804	org.assertj.core.api.iterable.IterableAssert_filteredOn_not_Test____should_filter_iterable_under_test_on_property_not_backed_by_a_field_values
805	org.assertj.core.api.iterable.IterableAssert_filteredOn_not_Test____should_filter_iterable_under_test_on_nested_mixed_property_and_field_values
806	org.assertj.core.api.iterable.IterableAssert_filteredOn_not_Test____should_fail_if_given_property_or_field_name_is_empty
807	org.assertj.core.api.iterable.IterableAssert_filteredOn_not_Test____should_filter_iterable_under_test_on_nested_property_values
808	org.assertj.core.api.iterable.IterableAssert_filteredOn_not_Test____should_filter_iterator_under_test_on_property_values
809	org.assertj.core.api.Assertions_assertThat_with_LongArray_Test____should_pass_actual
810	org.assertj.core.api.Assertions_assertThat_with_LongArray_Test____should_create_Assert
811	org.assertj.core.error.uri.ShouldHaveUserInfo_create_Test____should_create_error_message_for_url_has_no_user_info
812	org.assertj.core.error.uri.ShouldHaveUserInfo_create_Test____should_create_error_message_for_uri_has_user_info
813	org.assertj.core.error.uri.ShouldHaveUserInfo_create_Test____should_create_error_message_for_url_has_user_info
814	org.assertj.core.error.uri.ShouldHaveUserInfo_create_Test____should_create_error_message_for_uri_has_no_user_info
815	org.assertj.core.util.IterableUtil_toArray_Test____should_return_an_array_of_given_iterable_type_with_given_iterable_elements
816	org.assertj.core.util.IterableUtil_toArray_Test____should_return_null_when_given_iterable_is_null
817	org.assertj.core.util.IterableUtil_toArray_Test____should_return_empty_array_when_given_iterable_is_empty
818	org.assertj.core.util.IterableUtil_toArray_Test____should_return_an_object_array_with_given_iterable_elements
819	org.assertj.core.util.Strings_concat_Test____should_concatenate_given_Strings
820	org.assertj.core.util.Strings_concat_Test____should_return_null_if_array_is_null
821	org.assertj.core.api.abstract_.AbstractAssert_describedAs_with_description_Test____should_return_this
822	org.assertj.core.api.abstract_.AbstractAssert_describedAs_with_description_Test____should_set_description
823	org.assertj.core.api.abstract_.AbstractAssert_describedAs_with_description_Test____should_throw_error_if_description_is_null
824	org.assertj.core.util.StandardRepresentation_toStringOf_Test____should_return_toString_of_Class_with_its_name
825	org.assertj.core.util.StandardRepresentation_toStringOf_Test____should_return_toString_of_array
826	org.assertj.core.util.StandardRepresentation_toStringOf_Test____should_return_toString_of_Collection_of_arrays
827	org.assertj.core.util.StandardRepresentation_toStringOf_Test____should_quote_String
828	org.assertj.core.util.StandardRepresentation_toStringOf_Test____should_format_bytes_as_hex
829	org.assertj.core.util.StandardRepresentation_toStringOf_Test____should_return_null_if_object_is_null
830	org.assertj.core.util.StandardRepresentation_toStringOf_Test____should_return_toString_of_File
831	org.assertj.core.util.StandardRepresentation_toStringOf_Test____should_return_toString_of_date
832	org.assertj.core.util.StandardRepresentation_toStringOf_Test____should_quote_empty_String
833	org.assertj.core.util.StandardRepresentation_toStringOf_Test____should_format_tuples
834	org.assertj.core.util.StandardRepresentation_toStringOf_Test____should_return_toString_of_Collection_of_Collections
835	org.assertj.core.util.StandardRepresentation_toStringOf_Test____should_format_longs_and_integers
836	org.assertj.core.util.StandardRepresentation_toStringOf_Test____should_return_toString_of_calendar
837	org.assertj.core.util.StandardRepresentation_toStringOf_Test____should_format_doubles_and_floats
838	org.assertj.core.util.StandardRepresentation_toStringOf_Test____should_return_toString_of_Map
839	org.assertj.core.util.StandardRepresentation_toStringOf_Test____should_return_toString_of_array_of_arrays
840	org.assertj.core.util.StandardRepresentation_toStringOf_Test____should_return_toString_of_array_of_Class
841	org.assertj.core.util.StandardRepresentation_toStringOf_Test____should_return_toString_of_Collection_of_String
842	org.assertj.core.util.StandardRepresentation_toStringOf_Test____toString_with_anonymous_comparator
843	org.assertj.core.error.ShouldContainsStringOnlyOnce_create_Test____should_create_error_message_when_string_to_search_appears_several_times_with_custom_comparison_strategy
844	org.assertj.core.error.ShouldContainsStringOnlyOnce_create_Test____should_create_error_message_when_string_to_search_appears_several_times
845	org.assertj.core.error.ShouldContainsStringOnlyOnce_create_Test____should_create_error_message_when_string_to_search_does_not_appear_with_custom_comparison_strategy
846	org.assertj.core.error.ShouldContainsStringOnlyOnce_create_Test____should_create_error_message_when_string_to_search_does_not_appear
847	org.assertj.core.api.iterable.IterableAssert_filteredOn_notIn_Test____should_filter_iterable_under_test_on_private_field_values
848	org.assertj.core.api.iterable.IterableAssert_filteredOn_notIn_Test____should_fail_if_filter_is_on_private_field_and_reading_private_field_is_disabled
849	org.assertj.core.api.iterable.IterableAssert_filteredOn_notIn_Test____should_fail_if_on_of_the_iterable_element_does_not_have_given_property_or_field
850	org.assertj.core.api.iterable.IterableAssert_filteredOn_notIn_Test____should_apply_notIn_filter
851	org.assertj.core.api.iterable.IterableAssert_filteredOn_notIn_Test____should_fail_if_given_property_or_field_name_is_null
852	org.assertj.core.api.iterable.IterableAssert_filteredOn_notIn_Test____should_filter_iterable_under_test_on_public_field_values
853	org.assertj.core.api.iterable.IterableAssert_filteredOn_notIn_Test____should_filter_iterable_under_test_on_property_not_backed_by_a_field_values
854	org.assertj.core.api.iterable.IterableAssert_filteredOn_notIn_Test____should_filter_iterable_under_test_on_nested_mixed_property_and_field_values
855	org.assertj.core.api.iterable.IterableAssert_filteredOn_notIn_Test____should_fail_if_given_property_or_field_name_is_empty
856	org.assertj.core.api.iterable.IterableAssert_filteredOn_notIn_Test____should_filter_iterable_under_test_on_nested_property_values
857	org.assertj.core.api.iterable.IterableAssert_filteredOn_notIn_Test____should_filter_iterator_under_test_on_property_values
858	org.assertj.core.api.WritableAssertionInfo_descriptionText_Test____should_return_null_if_description_is_null
859	org.assertj.core.condition.Not_matches_Test____should_not_match_if_condition_matches
860	org.assertj.core.condition.Not_matches_Test____should_match_if_condition_does_not_match
861	org.assertj.core.error.ShouldBeEqual_equals_hashCode_Test____should_not_be_equal_to_null
862	org.assertj.core.error.ShouldBeEqual_equals_hashCode_Test____should_have_transitive_equals
863	org.assertj.core.error.ShouldBeEqual_equals_hashCode_Test____should_not_be_equal_to_Object_of_different_type
864	org.assertj.core.error.ShouldBeEqual_equals_hashCode_Test____should_maintain_equals_and_hashCode_contract
865	org.assertj.core.error.ShouldBeEqual_equals_hashCode_Test____should_have_symmetric_equals
866	org.assertj.core.error.ShouldBeEqual_equals_hashCode_Test____should_have_reflexive_equals
867	org.assertj.core.error.ShouldBeEqual_equals_hashCode_Test____should_not_be_equal_to_IsNotEqual_with_different_expected
868	org.assertj.core.error.ShouldBeEqual_equals_hashCode_Test____should_not_be_equal_to_IsNotEqual_with_different_actual
869	org.assertj.core.api.iterable.IterableAssert_filteredOn_in_Test____should_filter_iterable_under_test_on_private_field_values
870	org.assertj.core.api.iterable.IterableAssert_filteredOn_in_Test____should_fail_if_filter_is_on_private_field_and_reading_private_field_is_disabled
871	org.assertj.core.api.iterable.IterableAssert_filteredOn_in_Test____should_fail_if_on_of_the_iterable_element_does_not_have_given_property_or_field
872	org.assertj.core.api.iterable.IterableAssert_filteredOn_in_Test____should_fail_if_given_property_or_field_name_is_null
873	org.assertj.core.api.iterable.IterableAssert_filteredOn_in_Test____should_filter_iterable_under_test_on_public_field_values
874	org.assertj.core.api.iterable.IterableAssert_filteredOn_in_Test____should_filter_iterable_under_test_on_property_not_backed_by_a_field_values
875	org.assertj.core.api.iterable.IterableAssert_filteredOn_in_Test____should_filter_iterable_under_test_on_nested_mixed_property_and_field_values
876	org.assertj.core.api.iterable.IterableAssert_filteredOn_in_Test____should_apply_in_filter
877	org.assertj.core.api.iterable.IterableAssert_filteredOn_in_Test____should_fail_if_given_property_or_field_name_is_empty
878	org.assertj.core.api.iterable.IterableAssert_filteredOn_in_Test____should_filter_iterable_under_test_on_nested_property_values
879	org.assertj.core.api.iterable.IterableAssert_filteredOn_in_Test____should_filter_iterator_under_test_on_property_values
880	org.assertj.core.util.Maps_newHashMap_Test____should_return_empty_mutable_HashMap
881	org.assertj.core.util.Maps_newHashMap_Test____should_return_new_HashMap
882	org.assertj.core.internal.ComparatorBasedComparisonStrategy_areEqual_Test____should_return_false_if_first_object_is_null_and_second_is_not
883	org.assertj.core.internal.ComparatorBasedComparisonStrategy_areEqual_Test____should_return_false_if_objects_are_not_equal_according_to_comparison_strategy
884	org.assertj.core.internal.ComparatorBasedComparisonStrategy_areEqual_Test____should_return_true_if_both_objects_are_null
885	org.assertj.core.internal.ComparatorBasedComparisonStrategy_areEqual_Test____should_fail_if_objects_are_not_mutually_comparable
886	org.assertj.core.internal.ComparatorBasedComparisonStrategy_areEqual_Test____should_return_false_if_second_object_is_null_and_first_is_not
887	org.assertj.core.internal.ComparatorBasedComparisonStrategy_areEqual_Test____should_return_true_if_objects_are_equal_according_to_comparison_strategy
888	org.assertj.core.data.Offset_equals_hashCode_Test____should_not_be_equal_to_null
889	org.assertj.core.data.Offset_equals_hashCode_Test____should_have_transitive_equals
890	org.assertj.core.data.Offset_equals_hashCode_Test____should_not_be_equal_to_Offset_with_different_value
891	org.assertj.core.data.Offset_equals_hashCode_Test____should_not_be_equal_to_Object_of_different_type
892	org.assertj.core.data.Offset_equals_hashCode_Test____should_maintain_equals_and_hashCode_contract
893	org.assertj.core.data.Offset_equals_hashCode_Test____should_have_symmetric_equals
894	org.assertj.core.data.Offset_equals_hashCode_Test____should_have_reflexive_equals
895	org.assertj.core.api.Assertions_assertThat_with_String_Test____should_pass_actual
896	org.assertj.core.api.Assertions_assertThat_with_String_Test____should_create_Assert
897	org.assertj.core.api.JUnitBDDSoftAssertionsSuccessTest____all_assertions_should_pass
898	org.assertj.core.api.AutoCloseableBDDSoftAssertionsTest____all_assertions_should_pass
899	org.assertj.core.api.AutoCloseableBDDSoftAssertionsTest____should_be_able_to_catch_exceptions_thrown_by_all_proxied_methods
900	org.assertj.core.error.ShouldNotBeInstanceOfAny_create_Test____should_create_error_message
901	org.assertj.core.util.Preconditions_checkNotNull_GenericObject_Test____should_throw_nullpointerexception_if_object_is_null
902	org.assertj.core.util.Preconditions_checkNotNull_GenericObject_Test____should_return_object_if_it_is_not_null_nor_empty
903	org.assertj.core.data.Percentage_withPercentage_with_Long_Test____should_throw_error_if_value_is_greater_hundred
904	org.assertj.core.data.Percentage_withPercentage_with_Long_Test____should_create_Percentage
905	org.assertj.core.data.Percentage_withPercentage_with_Long_Test____should_throw_error_if_value_is_null
906	org.assertj.core.data.Percentage_withPercentage_with_Long_Test____should_throw_error_if_value_is_negative
907	org.assertj.core.api.Assertions_assertThat_with_FloatArray_Test____should_pass_actual
908	org.assertj.core.api.Assertions_assertThat_with_FloatArray_Test____should_create_Assert
909	org.assertj.core.internal.OnFieldsComparator_compare_Test____should_return_false_if_Objects_do_not_have_the_same_properties
910	org.assertj.core.internal.OnFieldsComparator_compare_Test____should_return_true_if_both_Objects_are_null
911	org.assertj.core.internal.OnFieldsComparator_compare_Test____should_return_true_if_given_fields_are_equal
912	org.assertj.core.internal.OnFieldsComparator_compare_Test____should_return_are_not_equal_if_second_Object_is_null_and_first_is_not
913	org.assertj.core.internal.OnFieldsComparator_compare_Test____should_return_are_not_equal_if_first_Object_is_null_and_second_is_not
914	org.assertj.core.internal.OnFieldsComparator_compare_Test____should_return_false_if_given_fields_are_not_equal
915	org.assertj.core.error.ShouldBeIn_create_Test____should_create_error_message
916	org.assertj.core.error.ShouldBeIn_create_Test____should_create_error_message_with_custom_comparison_strategy
917	org.assertj.core.api.BDDSoftAssertionsTest____all_assertions_should_pass
918	org.assertj.core.api.BDDSoftAssertionsTest____should_be_able_to_catch_exceptions_thrown_by_all_proxied_methods
919	org.assertj.core.api.objectarray.ObjectArrayAssert_extractingResultOf_Test____should_allow_assertions_on_method_invocation_result_extracted_from_given_iterable_with_enforcing_return_type
920	org.assertj.core.api.objectarray.ObjectArrayAssert_extractingResultOf_Test____should_allow_assertions_on_method_invocation_result_extracted_from_given_iterable
921	org.assertj.core.api.objectarray.ObjectArrayAssert_extractingResultOf_Test____should_throw_error_if_no_method_with_given_name_can_be_extracted
922	org.assertj.core.api.Assertions_assertThat_with_primitive_double_Test____should_pass_actual
923	org.assertj.core.api.Assertions_assertThat_with_primitive_double_Test____should_create_Assert
924	org.assertj.core.util.Objects_namesOf_Test____should_return_class_names
925	org.assertj.core.util.Objects_namesOf_Test____should_return_empty_array_if_type_array_is_null
926	org.assertj.core.util.Objects_namesOf_Test____should_return_empty_array_if_type_array_is_empty
927	org.assertj.core.internal.OnFieldsComparator_creation_Test____should_fail_if_some_fields_are_blank
928	org.assertj.core.internal.OnFieldsComparator_creation_Test____should_fail_if_some_fields_are_empty
929	org.assertj.core.internal.OnFieldsComparator_creation_Test____should_create_comparator_using_fields
930	org.assertj.core.internal.OnFieldsComparator_creation_Test____should_fail_if_empty_array_fields_is_given
931	org.assertj.core.internal.OnFieldsComparator_creation_Test____should_fail_if_no_fields_are_given
932	org.assertj.core.internal.OnFieldsComparator_creation_Test____should_fail_if_some_fields_are_null
933	org.assertj.core.internal.OnFieldsComparator_creation_Test____should_fail_if_null_array_fields_is_given
934	org.assertj.core.condition.AllOf_allOf_with_array_Test____should_create_new_AllOf_with_passed_Conditions
935	org.assertj.core.internal.StandardComparisonStrategy_isGreaterThanOrEqualTo_Test____should_fail_if_a_parameter_is_not_comparable
936	org.assertj.core.internal.StandardComparisonStrategy_isGreaterThanOrEqualTo_Test____should_pass
937	org.assertj.core.api.Assertions_assertThat_with_ObjectArray_Test____should_pass_actual
938	org.assertj.core.api.Assertions_assertThat_with_ObjectArray_Test____should_create_Assert
939	org.assertj.core.internal.StandardComparisonStrategy_areEqual_Test____should_return_true_if_Objects_are_equal
940	org.assertj.core.internal.StandardComparisonStrategy_areEqual_Test____should_return_true_if_arrays_of_Objects_are_equal
941	org.assertj.core.internal.StandardComparisonStrategy_areEqual_Test____should_return_are_not_equal_if_Objects_are_not_equal
942	org.assertj.core.internal.StandardComparisonStrategy_areEqual_Test____should_return_false_if_arrays_of_Objects_are_not_equal
943	org.assertj.core.internal.StandardComparisonStrategy_areEqual_Test____should_return_true_if_both_Objects_are_null
944	org.assertj.core.internal.StandardComparisonStrategy_areEqual_Test____should_return_true_if_both_Objects_are_null_with_verify
945	org.assertj.core.internal.StandardComparisonStrategy_areEqual_Test____should_return_are_not_equal_if_second_Object_is_null_and_first_is_not
946	org.assertj.core.internal.StandardComparisonStrategy_areEqual_Test____should_return_are_not_equal_if_first_Object_is_null_and_second_is_not
947	org.assertj.core.internal.StandardComparisonStrategy_areEqual_Test____should_return_false_if_arrays_of_primitives_are_not_equal
948	org.assertj.core.internal.StandardComparisonStrategy_areEqual_Test____should_return_true_if_arrays_of_primitives_are_equal
949	org.assertj.core.api.Assertions_assertThat_with_CharArray_Test____should_pass_actual
950	org.assertj.core.api.Assertions_assertThat_with_CharArray_Test____should_create_Assert
951	org.assertj.core.api.filter.Filter_being_condition_Test____should_filter_iterable_elements_satisfying_condition
952	org.assertj.core.api.filter.Filter_being_condition_Test____should_fail_if_filter_condition_is_null
953	org.assertj.core.description.EmptyTextDescription_emptyText_Test____should_have_empty_text_as_value
954	org.assertj.core.description.EmptyTextDescription_emptyText_Test____should_return_singleton_instance
955	org.assertj.core.util.Preconditions_checkNotNullOrEmpty_String_String_Test____should_throw_nullpointerexception_if_string_is_null
956	org.assertj.core.util.Preconditions_checkNotNullOrEmpty_String_String_Test____should_throw_illegalargumentexception_if_string_is_empty
957	org.assertj.core.util.Preconditions_checkNotNullOrEmpty_String_String_Test____should_return_string_if_it_is_not_null_nor_empty
958	org.assertj.core.error.ShouldContainOnlyDigits_create_Test____should_create_error_message
959	org.assertj.core.error.ShouldContainOnlyDigits_create_Test____should_create_error_message_for_empty_string
960	org.assertj.core.api.objectarray.ObjectArrayAssert_hasSameSizeAs_with_Arrays_Test____should_fail_if_size_of_actual_has_same_as_other_array
961	org.assertj.core.api.objectarray.ObjectArrayAssert_hasSameSizeAs_with_Arrays_Test____should_pass_if_actual_object_array_has_same_size_as_other_object_array
962	org.assertj.core.api.objectarray.ObjectArrayAssert_hasSameSizeAs_with_Arrays_Test____should_pass_if_actual_object_array_has_same_size_as_other_primitive_array
963	org.assertj.core.error.ShouldHaveSameContent_create_Test____should_create_error_message_inputstream_even_if_content_contains_format_specifier
964	org.assertj.core.error.ShouldHaveSameContent_create_Test____should_create_error_message_file_even_if_content_contains_format_specifier
965	org.assertj.core.util.Files_delete_Test____should_delete_folder
966	org.assertj.core.condition.Join_constructor_with_Collection_Test____should_throw_error_if_Collection_contains_nulls
967	org.assertj.core.condition.Join_constructor_with_Collection_Test____should_throw_error_if_Collection_is_null
968	org.assertj.core.condition.Join_constructor_with_Collection_Test____should_create_new_Join_with_passed_Conditions
969	org.assertj.core.api.abstract_.AbstractAssert_failWithMessage_Test____should_fail_with_message_having_args
970	org.assertj.core.api.abstract_.AbstractAssert_failWithMessage_Test____should_keep_description_set_by_user
971	org.assertj.core.api.abstract_.AbstractAssert_failWithMessage_Test____should_fail_with_simple_message
972	org.assertj.core.api.abstract_.AbstractAssert_failWithMessage_Test____should_keep_specific_error_message_and_description_set_by_user
973	org.assertj.core.util.Throwables_appendCurrentThreadStackTraceToThrowable_Test____should_add_stack_trace_of_current_thread
974	org.assertj.core.util.Arrays_format_Test____should_format_String_array
975	org.assertj.core.util.Arrays_format_Test____should_format_long_array
976	org.assertj.core.util.Arrays_format_Test____should_format_float_array
977	org.assertj.core.util.Arrays_format_Test____should_format_double_array
978	org.assertj.core.util.Arrays_format_Test____should_format_longArray
979	org.assertj.core.util.Arrays_format_Test____should_format_int_array
980	org.assertj.core.util.Arrays_format_Test____should_format_byte_array
981	org.assertj.core.util.Arrays_format_Test____should_return_null_if_parameter_is_not_array
982	org.assertj.core.util.Arrays_format_Test____should_return_empty_brackets_if_array_is_empty
983	org.assertj.core.util.Arrays_format_Test____should_format_char_array
984	org.assertj.core.util.Arrays_format_Test____should_format_Object_array
985	org.assertj.core.util.Arrays_format_Test____should_format_byte_array_in_hex_representation
986	org.assertj.core.util.Arrays_format_Test____should_return_null_if_array_is_null
987	org.assertj.core.util.Arrays_format_Test____should_format_Object_array_that_has_primitive_array_as_element
988	org.assertj.core.util.Arrays_format_Test____should_format_array_with_null_element
989	org.assertj.core.util.Arrays_format_Test____should_format_short_array
990	org.assertj.core.util.Arrays_format_Test____should_format_boolean_array
991	org.assertj.core.util.Arrays_format_Test____should_format_Object_array_having_itself_as_element
992	org.assertj.core.util.DateUtil_format_with_date_time_format_Test____should_return_null_if_calendar_is_null
993	org.assertj.core.util.DateUtil_format_with_date_time_format_Test____should_return_null_if_date_is_null
994	org.assertj.core.util.DateUtil_format_with_date_time_format_Test____should_format_calendar_with_date_time_format
995	org.assertj.core.util.DateUtil_format_with_date_time_format_Test____should_format_date_with_date_time_format
996	org.assertj.core.internal.FieldByFieldComparator_toString_Test____should_return_description_of_FieldByFieldComparator
997	org.assertj.core.error.ShouldContainSubsequence_create_Test____should_create_error_message
998	org.assertj.core.error.ShouldContainSubsequence_create_Test____should_create_error_message_with_custom_comparison_strategy
999	org.assertj.core.api.Assertions_assertThat_with_InputStream_Test____should_pass_actual
1000	org.assertj.core.api.Assertions_assertThat_with_InputStream_Test____should_create_Assert
1001	org.assertj.core.util.Files_fileNamesIn_Test____should_throw_error_if_path_does_not_belong_to_a_directory
1002	org.assertj.core.util.Files_fileNamesIn_Test____should_return_names_of_files_in_given_directory_but_not_subdirectories
1003	org.assertj.core.util.Files_fileNamesIn_Test____should_throw_error_if_directory_does_not_exist
1004	org.assertj.core.util.Files_fileNamesIn_Test____should_return_names_of_files_in_given_directory_and_its_subdirectories
1005	org.assertj.core.error.ShouldNotBeSame_create_Test____should_create_error_message
1006	org.assertj.core.error.DescriptionFormatter_format_Test____should_format_description_if_value_is_not_empty_or_null
1007	org.assertj.core.error.uri.ShouldHaveFragment_create_Test____should_create_error_message_for_has_no_fragment
1008	org.assertj.core.error.uri.ShouldHaveFragment_create_Test____should_create_error_message_for_has_fragment
1009	org.assertj.core.util.Introspection_getProperty_Test____should_raise_an_error_because_of_non_public_getter
1010	org.assertj.core.util.Introspection_getProperty_Test____should_raise_an_error_because_of_missing_getter
1011	org.assertj.core.util.Introspection_getProperty_Test____get_descriptor_for_property
1012	org.assertj.core.api.Condition_constructor_with_text_description_Test____should_set_description
1013	org.assertj.core.api.Condition_constructor_with_text_description_Test____should_throw_error_if_description_is_null
1014	org.assertj.core.data.Percentage_equals_hashCode_Test____should_not_be_equal_to_Percentage_with_different_value
1015	org.assertj.core.data.Percentage_equals_hashCode_Test____should_not_be_equal_to_null
1016	org.assertj.core.data.Percentage_equals_hashCode_Test____should_have_transitive_equals
1017	org.assertj.core.data.Percentage_equals_hashCode_Test____should_not_be_equal_to_Object_of_different_type
1018	org.assertj.core.data.Percentage_equals_hashCode_Test____should_maintain_equals_and_hashCode_contract
1019	org.assertj.core.data.Percentage_equals_hashCode_Test____should_have_symmetric_equals
1020	org.assertj.core.data.Percentage_equals_hashCode_Test____should_have_reflexive_equals
1021	org.assertj.core.util.DateUtil_parse_Test____should_parse_string
1022	org.assertj.core.util.DateUtil_parse_Test____should_return_null_if_string_to_parse_is_null
1023	org.assertj.core.data.Offset_offset_with_Integer_Test____should_throw_error_if_value_is_null
1024	org.assertj.core.data.Offset_offset_with_Integer_Test____should_create_Offset
1025	org.assertj.core.data.Offset_offset_with_Integer_Test____should_throw_error_if_value_is_negative
1026	org.assertj.core.util.DateUtil_dayOfMonthOf_Test____should_throws_NullPointerException_if_date_parameter_is_null
1027	org.assertj.core.util.DateUtil_dayOfMonthOf_Test____should_return_day_of_month_of_date
1028	org.assertj.core.error.ShouldNotMatchPattern_create_Test____should_create_error_message
1029	org.assertj.core.internal.StandardComparisonStrategy_duplicatesFrom_Test____should_return_existing_duplicates_array
1030	org.assertj.core.internal.StandardComparisonStrategy_duplicatesFrom_Test____should_return_existing_duplicates
1031	org.assertj.core.internal.StandardComparisonStrategy_duplicatesFrom_Test____should_not_return_any_duplicates
1032	org.assertj.core.internal.StandardComparisonStrategy_duplicatesFrom_Test____should_not_return_any_duplicates_if_collection_is_empty
1033	org.assertj.core.internal.StandardComparisonStrategy_duplicatesFrom_Test____should_not_return_any_duplicates_if_collection_is_null
1034	org.assertj.core.api.abstract_.AbstractAssert_as_with_description_Test____should_return_this
1035	org.assertj.core.api.abstract_.AbstractAssert_as_with_description_Test____should_set_description
1036	org.assertj.core.api.abstract_.AbstractAssert_as_with_description_Test____should_throw_error_if_description_is_null
1037	org.assertj.core.api.BDDAssertions_then_Test____then_double_array
1038	org.assertj.core.api.BDDAssertions_then_Test____then_Charsequence
1039	org.assertj.core.api.BDDAssertions_then_Test____then_boolean
1040	org.assertj.core.api.BDDAssertions_then_Test____should_build_ThrowableAssert_with_throwable_thrown
1041	org.assertj.core.api.BDDAssertions_then_Test____then_Character
1042	org.assertj.core.api.BDDAssertions_then_Test____then_boolean_array
1043	org.assertj.core.api.BDDAssertions_then_Test____then_float_array
1044	org.assertj.core.api.BDDAssertions_then_Test____then_Double
1045	org.assertj.core.api.BDDAssertions_then_Test____then_int_array
1046	org.assertj.core.api.BDDAssertions_then_Test____then_Byte
1047	org.assertj.core.api.BDDAssertions_then_Test____then_Date
1048	org.assertj.core.api.BDDAssertions_then_Test____then_List
1049	org.assertj.core.api.BDDAssertions_then_Test____then_Long
1050	org.assertj.core.api.BDDAssertions_then_Test____then_byte
1051	org.assertj.core.api.BDDAssertions_then_Test____then_char
1052	org.assertj.core.api.BDDAssertions_then_Test____then_long
1053	org.assertj.core.api.BDDAssertions_then_Test____then_Boolean
1054	org.assertj.core.api.BDDAssertions_then_Test____then_Object_array
1055	org.assertj.core.api.BDDAssertions_then_Test____then_Object
1056	org.assertj.core.api.BDDAssertions_then_Test____then_String
1057	org.assertj.core.api.BDDAssertions_then_Test____then_long_array
1058	org.assertj.core.api.BDDAssertions_then_Test____then_Throwable
1059	org.assertj.core.api.BDDAssertions_then_Test____then_double
1060	org.assertj.core.api.BDDAssertions_then_Test____should_delegate_to_assert_comparable
1061	org.assertj.core.api.BDDAssertions_then_Test____then_Iterable
1062	org.assertj.core.api.BDDAssertions_then_Test____then_Iterator
1063	org.assertj.core.api.BDDAssertions_then_Test____then_Map
1064	org.assertj.core.api.BDDAssertions_then_Test____then_URI
1065	org.assertj.core.api.BDDAssertions_then_Test____then_int
1066	org.assertj.core.api.BDDAssertions_then_Test____then_Class
1067	org.assertj.core.api.BDDAssertions_then_Test____then_Float
1068	org.assertj.core.api.BDDAssertions_then_Test____then_Short
1069	org.assertj.core.api.BDDAssertions_then_Test____then_float
1070	org.assertj.core.api.BDDAssertions_then_Test____then_short
1071	org.assertj.core.api.BDDAssertions_then_Test____then_byte_array
1072	org.assertj.core.api.BDDAssertions_then_Test____then_char_array
1073	org.assertj.core.api.BDDAssertions_then_Test____then_Integer
1074	org.assertj.core.api.BDDAssertions_then_Test____then_short_array
1075	org.assertj.core.api.BDDAssertions_then_Test____then_BigDecimal
1076	org.assertj.core.util.introspection.PropertySupport_propertyValues_Test____should_return_values_of_simple_property
1077	org.assertj.core.util.introspection.PropertySupport_propertyValues_Test____should_return_values_of_simple_property_as_objects
1078	org.assertj.core.util.introspection.PropertySupport_propertyValues_Test____should_return_empty_List_if_given_Iterable_is_empty
1079	org.assertj.core.util.introspection.PropertySupport_propertyValues_Test____should_throw_error_if_property_not_found
1080	org.assertj.core.util.introspection.PropertySupport_propertyValues_Test____should_return_values_of_nested_property
1081	org.assertj.core.util.introspection.PropertySupport_propertyValues_Test____should_return_property_from_superclass
1082	org.assertj.core.util.introspection.PropertySupport_propertyValues_Test____should_extract_nested_property
1083	org.assertj.core.util.introspection.PropertySupport_propertyValues_Test____should_return_null_elements_for_null_property_value
1084	org.assertj.core.util.introspection.PropertySupport_propertyValues_Test____should_return_properties_of_inner_class
1085	org.assertj.core.util.introspection.PropertySupport_propertyValues_Test____should_return_empty_List_if_given_Iterable_is_null
1086	org.assertj.core.util.introspection.PropertySupport_propertyValues_Test____should_extract_property
1087	org.assertj.core.util.DateUtil_truncateTime_Test____should_return_millisecond_of_date
1088	org.assertj.core.util.DateUtil_truncateTime_Test____should_return_null_if_date_is_null
1089	org.assertj.core.error.ShouldNotHaveDuplicates_create_Test____should_create_error_message
1090	org.assertj.core.error.ShouldNotHaveDuplicates_create_Test____should_create_error_message_with_custom_comparison_strategy
1091	org.assertj.core.error.ShouldBeAfter_create_Test____should_create_error_message
1092	org.assertj.core.error.ShouldMatchPattern_create_Test____should_create_error_message
1093	org.assertj.core.error.uri.ShouldHaveQuery_create_Test____should_create_error_message_for_uri_has_query
1094	org.assertj.core.error.uri.ShouldHaveQuery_create_Test____should_create_error_message_for_url_has_no_query
1095	org.assertj.core.error.uri.ShouldHaveQuery_create_Test____should_create_error_message_for_uri_has_no_query
1096	org.assertj.core.error.uri.ShouldHaveQuery_create_Test____should_create_error_message_for_url_has_query
1097	org.assertj.core.extractor.ByNameMultipleExtractorTest____should_extract_tuples_from_fields_or_properties
1098	org.assertj.core.extractor.ByNameMultipleExtractorTest____should_throw_exception_when_given_name_is_empty
1099	org.assertj.core.extractor.ByNameMultipleExtractorTest____should_extract_tuples_with_consistent_iteration_order
1100	org.assertj.core.extractor.ByNameMultipleExtractorTest____should_throw_exception_when_given_name_is_null
1101	org.assertj.core.extractor.ByNameMultipleExtractorTest____should_throw_error_when_no_property_nor_public_field_match_one_of_given_names
1102	org.assertj.core.extractor.ByNameMultipleExtractorTest____should_throw_exception_when_no_object_is_given
1103	org.assertj.core.extractor.ByNameMultipleExtractorTest____should_extract_multiple_values_from_maps_by_keys
1104	org.assertj.core.util.Lists_newArrayList_Test____should_return_empty_List
1105	org.assertj.core.util.Lists_newArrayList_Test____should_return_empty_mutable_List
1106	org.assertj.core.util.Lists_newArrayList_Test____should_return_new_List
1107	org.assertj.core.error.ShouldNotBeEqual_create_Test____should_create_error_message
1108	org.assertj.core.error.ShouldNotBeEqual_create_Test____should_create_error_message_with_custom_comparison_strategy
1109	org.assertj.core.error.ShouldBeEqualWithinOffset_create_Test____should_create_error_message
1110	org.assertj.core.error.ShouldNotContainString_create_Test____should_create_error_message
1111	org.assertj.core.error.ShouldNotContainString_create_Test____should_create_error_message_with_custom_comparison_strategy
1112	org.assertj.core.error.uri.ShouldHaveScheme_create_Test____should_create_error_message
1113	org.assertj.core.api.Assertions_assertThat_with_primitive_float_Test____should_pass_actual
1114	org.assertj.core.api.Assertions_assertThat_with_primitive_float_Test____should_create_Assert
1115	org.assertj.core.error.ShouldBeInSameMonth_create_Test____should_create_error_message
1116	org.assertj.core.api.SoftAssertionErrorTest____should_format_multiple_errors_correctly
1117	org.assertj.core.api.SoftAssertionErrorTest____should_format_a_single_error_correctly
1118	org.assertj.core.api.Assertions_assertThat_with_Short_Test____should_pass_actual
1119	org.assertj.core.api.Assertions_assertThat_with_Short_Test____should_create_Assert
1120	org.assertj.core.util.Sets_newHashSet_Iterable_Test____should_return_null_if_Iterable_is_null
1121	org.assertj.core.util.Sets_newHashSet_Iterable_Test____should_return_Set_containing_iterable_elements
1122	org.assertj.core.util.Maps_isNullOrEmpty_Test____should_return_true_if_Map_is_empty
1123	org.assertj.core.util.Maps_isNullOrEmpty_Test____should_return_false_if_Map_has_elements
1124	org.assertj.core.util.Maps_isNullOrEmpty_Test____should_return_true_if_Map_is_null
1125	org.assertj.core.error.ShouldNotHave_create_Test____should_create_error_message
1126	org.assertj.core.util.DateUtil_format_with_date_time_with_ms_format_Test____should_return_null_if_date_is_null
1127	org.assertj.core.util.DateUtil_format_with_date_time_with_ms_format_Test____should_format_date_with_date_time_with_ms_format
1128	org.assertj.core.api.ComparableAssertion_should_be_flexible_Test____comparable_api_should_be_flexible
1129	org.assertj.core.api.Assertions_assertThat_with_primitive_short_Test____should_pass_actual
1130	org.assertj.core.api.Assertions_assertThat_with_primitive_short_Test____should_create_Assert
1131	org.assertj.core.api.Assertions_assertThat_with_AssertDelegateTarget_Test____should_allow_wrapping_assertion_method_within_assertThat
1132	org.assertj.core.util.DateUtil_dayOfWeekOf_Test____should_throws_NullPointerException_if_date_parameter_is_null
1133	org.assertj.core.util.DateUtil_dayOfWeekOf_Test____should_return_day_of_month_of_date
1134	org.assertj.core.error.ShouldContainsOnlyOnce_create_Test____should_create_error_message
1135	org.assertj.core.error.ShouldContainsOnlyOnce_create_Test____should_create_error_message_without_elements_found_many_times
1136	org.assertj.core.error.ShouldContainsOnlyOnce_create_Test____should_create_error_message_with_custom_comparison_strategy
1137	org.assertj.core.error.ShouldContainsOnlyOnce_create_Test____should_create_error_message_without_not_found_elements
1138	org.assertj.core.api.Assertions_assertThat_with_BigDecimal_Test____should_pass_actual
1139	org.assertj.core.api.Assertions_assertThat_with_BigDecimal_Test____should_create_Assert
1140	org.assertj.core.api.Condition_as_String_Test____should_throw_error_of_description_is_null
1141	org.assertj.core.api.Condition_as_String_Test____should_set_description
1142	org.assertj.core.api.Condition_as_String_Test____should_return_same_condition
1143	org.assertj.core.error.ShouldBeExecutable_create_Test____should_create_error_message_for_File
1144	org.assertj.core.api.objectarray.ObjectArrayAssert_filteredOn_in_Test____should_filter_object_array_under_test_on_property_not_backed_by_a_field_values
1145	org.assertj.core.api.objectarray.ObjectArrayAssert_filteredOn_in_Test____should_filter_object_array_under_test_on_nested_mixed_property_and_field_values
1146	org.assertj.core.api.objectarray.ObjectArrayAssert_filteredOn_in_Test____should_fail_if_on_of_the_object_array_element_does_not_have_given_property_or_field
1147	org.assertj.core.api.objectarray.ObjectArrayAssert_filteredOn_in_Test____should_filter_object_array_under_test_on_nested_property_values
1148	org.assertj.core.api.objectarray.ObjectArrayAssert_filteredOn_in_Test____should_fail_if_filter_is_on_private_field_and_reading_private_field_is_disabled
1149	org.assertj.core.api.objectarray.ObjectArrayAssert_filteredOn_in_Test____should_filter_object_array_under_test_on_public_field_values
1150	org.assertj.core.api.objectarray.ObjectArrayAssert_filteredOn_in_Test____should_fail_if_given_property_or_field_name_is_null
1151	org.assertj.core.api.objectarray.ObjectArrayAssert_filteredOn_in_Test____should_filter_object_array_under_test_on_private_field_values
1152	org.assertj.core.api.objectarray.ObjectArrayAssert_filteredOn_in_Test____should_apply_in_filter
1153	org.assertj.core.api.objectarray.ObjectArrayAssert_filteredOn_in_Test____should_fail_if_given_property_or_field_name_is_empty
1154	org.assertj.core.util.DateUtil_parse_date_time_Test____should_return_null_if_string_to_parse_is_null
1155	org.assertj.core.util.DateUtil_parse_date_time_Test____should_parse_string_with_date_time_format
1156	org.assertj.core.util.DateUtil_parse_date_time_Test____should_fail_if_string_does_not_respect_date_format
1157	org.assertj.core.util.introspection.FieldSupport_fieldValues_Test____should_return_values_of_nested_field
1158	org.assertj.core.util.introspection.FieldSupport_fieldValues_Test____should_extract_nested_field
1159	org.assertj.core.util.introspection.FieldSupport_fieldValues_Test____should_extract_field
1160	org.assertj.core.util.introspection.FieldSupport_fieldValues_Test____should_throw_error_if_field_is_not_public_and_allowExtractingPrivateFields_set_to_false
1161	org.assertj.core.util.introspection.FieldSupport_fieldValues_Test____should_return_empty_List_if_given_Iterable_is_empty
1162	org.assertj.core.util.introspection.FieldSupport_fieldValues_Test____should_return_values_of_simple_field
1163	org.assertj.core.util.introspection.FieldSupport_fieldValues_Test____should_return_values_of_private_field
1164	org.assertj.core.util.introspection.FieldSupport_fieldValues_Test____should_handle_array_as_iterable
1165	org.assertj.core.util.introspection.FieldSupport_fieldValues_Test____should_return_null_elements_for_null_field_value
1166	org.assertj.core.util.introspection.FieldSupport_fieldValues_Test____should_return_empty_List_if_given_Iterable_is_null
1167	org.assertj.core.util.introspection.FieldSupport_fieldValues_Test____should_throw_error_if_field_not_found
1168	org.assertj.core.error.ShouldNotContain_create_Test____should_create_error_message
1169	org.assertj.core.error.ShouldNotContain_create_Test____should_create_error_message_with_custom_comparison_strategy
1170	org.assertj.core.error.ShouldBeEqualIgnoringCase_create_Test____should_create_error_message
1171	org.assertj.core.error.ShouldHaveAnnotations_create_Test____should_create_error_message
1172	org.assertj.core.api.objectarray.ObjectArrayAssert_filteredOn_condition_Test____should_filter_object_array_under_test_on_condition
1173	org.assertj.core.api.objectarray.ObjectArrayAssert_filteredOn_condition_Test____should_filter_object_array_under_test_on_combined_condition
1174	org.assertj.core.api.objectarray.ObjectArrayAssert_filteredOn_condition_Test____should_fail_if_given_condition_is_null
1175	org.assertj.core.util.Lists_newArrayList_withIterable_Test____should_return_empty_List_if_iterable_is_empty
1176	org.assertj.core.util.Lists_newArrayList_withIterable_Test____should_return_List_containing_all_elements_in_iterable
1177	org.assertj.core.util.Lists_newArrayList_withIterable_Test____should_return_null_if_iterable_is_null
1178	org.assertj.core.util.Strings_quoteObject_Test____should_quote_Object_that_is_String
1179	org.assertj.core.util.Strings_quoteObject_Test____should_not_quote_Object_that_is_not_String
1180	org.assertj.core.data.Offset_toString_Test____should_implement_toString
1181	org.assertj.core.api.Assertions_linesOf_Test____should_read_lines_of_file_with_UTF8_charset
1182	org.assertj.core.internal.ComparatorBasedComparisonStrategy_iterableContains_Test____should_return_false_if_collections_is_empty_whatever_given_comparator_is
1183	org.assertj.core.internal.ComparatorBasedComparisonStrategy_iterableContains_Test____should_return_true_if_collections_contains_value_according_to_given_comparator
1184	org.assertj.core.internal.ComparatorBasedComparisonStrategy_iterableContains_Test____should_return_false_if_collections_does_not_contain_value_according_to_given_comparator
1185	org.assertj.core.extractor.ByNameSingleExtractorTest____should_extract_property_field_combinations
1186	org.assertj.core.extractor.ByNameSingleExtractorTest____should_throw_exception_if_property_cannot_be_extracted_due_to_runtime_exception_during_property_access
1187	org.assertj.core.extractor.ByNameSingleExtractorTest____should_throw_exception_when_given_name_is_empty
1188	org.assertj.core.extractor.ByNameSingleExtractorTest____should_throw_error_when_no_property_nor_public_field_match_given_name
1189	org.assertj.core.extractor.ByNameSingleExtractorTest____should_extract_pure_property_values
1190	org.assertj.core.extractor.ByNameSingleExtractorTest____should_extract_field_values_even_if_property_does_not_exist
1191	org.assertj.core.extractor.ByNameSingleExtractorTest____should_throw_exception_when_given_name_is_null
1192	org.assertj.core.extractor.ByNameSingleExtractorTest____should_extract_single_value_from_maps_by_key
1193	org.assertj.core.extractor.ByNameSingleExtractorTest____should_fallback_to_field_if_exception_has_been_thrown_on_property_access
1194	org.assertj.core.extractor.ByNameSingleExtractorTest____should_prefer_properties_over_fields
1195	org.assertj.core.extractor.ByNameSingleExtractorTest____should_throw_exception_if_no_object_is_given
1196	org.assertj.core.extractor.ByNameSingleExtractorTest____should_extract_property_values_when_no_public_field_match_given_name
1197	org.assertj.core.error.ElementsShouldBeAtMost_create_Test____should_create_error_message
1198	org.assertj.core.util.introspection.PropertySupport_publicGetterExistsFor_Test____should_return_true_if_public_getter_exists_for_field
1199	org.assertj.core.util.introspection.PropertySupport_publicGetterExistsFor_Test____should_return_false_if_public_getter_does_not_exist
1200	org.assertj.core.api.Assertions_assertThat_with_Long_Test____should_pass_actual
1201	org.assertj.core.api.Assertions_assertThat_with_Long_Test____should_create_Assert
1202	org.assertj.core.util.Maps_format_Test____should_return_empty_braces_if_Map_is_empty
1203	org.assertj.core.util.Maps_format_Test____should_return_null_if_Map_is_null
1204	org.assertj.core.util.Maps_format_Test____should_format_Map
1205	org.assertj.core.util.Maps_format_Test____should_format_Map_containing_itself
1206	org.assertj.core.api.iterable.IterableAssert_flatExtracting_Test____should_allow_assertions_on_empty_result_lists
1207	org.assertj.core.api.iterable.IterableAssert_flatExtracting_Test____should_allow_assertions_on_joined_lists_when_extracting_children
1208	org.assertj.core.api.iterable.IterableAssert_flatExtracting_Test____should_throw_null_pointer_exception_when_extracting_from_null
1209	org.assertj.core.error.ShouldBeWritable_create_Test____should_create_error_message_for_File
1210	org.assertj.core.api.objectarray.ObjectArrayAssert_filteredOn_notIn_Test____should_filter_object_array_under_test_on_property_not_backed_by_a_field_values
1211	org.assertj.core.api.objectarray.ObjectArrayAssert_filteredOn_notIn_Test____should_filter_object_array_under_test_on_nested_mixed_property_and_field_values
1212	org.assertj.core.api.objectarray.ObjectArrayAssert_filteredOn_notIn_Test____should_fail_if_on_of_the_object_array_element_does_not_have_given_property_or_field
1213	org.assertj.core.api.objectarray.ObjectArrayAssert_filteredOn_notIn_Test____should_filter_object_array_under_test_on_nested_property_values
1214	org.assertj.core.api.objectarray.ObjectArrayAssert_filteredOn_notIn_Test____should_fail_if_filter_is_on_private_field_and_reading_private_field_is_disabled
1215	org.assertj.core.api.objectarray.ObjectArrayAssert_filteredOn_notIn_Test____should_apply_notIn_filter
1216	org.assertj.core.api.objectarray.ObjectArrayAssert_filteredOn_notIn_Test____should_filter_object_array_under_test_on_public_field_values
1217	org.assertj.core.api.objectarray.ObjectArrayAssert_filteredOn_notIn_Test____should_fail_if_given_property_or_field_name_is_null
1218	org.assertj.core.api.objectarray.ObjectArrayAssert_filteredOn_notIn_Test____should_filter_object_array_under_test_on_private_field_values
1219	org.assertj.core.api.objectarray.ObjectArrayAssert_filteredOn_notIn_Test____should_fail_if_given_property_or_field_name_is_empty
